[ 2016-05-01T21:20:53+08:00 ] ::1 /505/demo/
INFO: [ app_init ] --START--
INFO: Run Behavior\BuildLiteBehavior [ RunTime:0.000008s ]
INFO: [ app_init ] --END-- [ RunTime:0.000334s ]
INFO: [ app_begin ] --START--
INFO: Run Behavior\ReadHtmlCacheBehavior [ RunTime:0.000396s ]
INFO: [ app_begin ] --END-- [ RunTime:0.000432s ]
INFO: [ view_parse ] --START--
INFO: Run Behavior\ParseTemplateBehavior [ RunTime:0.005866s ]
INFO: [ view_parse ] --END-- [ RunTime:0.005903s ]
INFO: [ view_filter ] --START--
INFO: Run Behavior\WriteHtmlCacheBehavior [ RunTime:0.000598s ]
INFO: [ view_filter ] --END-- [ RunTime:0.000628s ]
INFO: [ app_end ] --START--
INFO: Run Behavior\ShowPageTraceBehavior [ RunTime:0.000654s ]
INFO: [ app_end ] --END-- [ RunTime:0.000682s ]

[ 2016-05-01T21:20:55+08:00 ] ::1 /505/demo/index.php/home/Index/hello.html
INFO: [ app_init ] --START--
INFO: Run Behavior\BuildLiteBehavior [ RunTime:0.000012s ]
INFO: [ app_init ] --END-- [ RunTime:0.000440s ]
INFO: [ app_begin ] --START--
INFO: Run Behavior\ReadHtmlCacheBehavior [ RunTime:0.000511s ]
INFO: [ app_begin ] --END-- [ RunTime:0.000551s ]
SQL: SHOW COLUMNS FROM `admins` [ RunTime:0.0040s ]
SQL: SELECT * FROM `admins`  [ RunTime:0.0030s ]
INFO: [ view_parse ] --START--
INFO: [ template_filter ] --START--
INFO: Run Behavior\ContentReplaceBehavior [ RunTime:0.000025s ]
INFO: [ template_filter ] --END-- [ RunTime:0.000057s ]
INFO: Run Behavior\ParseTemplateBehavior [ RunTime:0.045519s ]
INFO: [ view_parse ] --END-- [ RunTime:0.045549s ]
INFO: [ view_filter ] --START--
INFO: Run Behavior\WriteHtmlCacheBehavior [ RunTime:0.000320s ]
INFO: [ view_filter ] --END-- [ RunTime:0.000340s ]
INFO: [ app_end ] --START--
INFO: Run Behavior\ShowPageTraceBehavior [ RunTime:0.000476s ]
INFO: [ app_end ] --END-- [ RunTime:0.000500s ]

[ 2016-05-01T21:21:12+08:00 ] ::1 /505/demo/index.php/home/Index/datatest.html
INFO: [ app_init ] --START--
INFO: Run Behavior\BuildLiteBehavior [ RunTime:0.000009s ]
INFO: [ app_init ] --END-- [ RunTime:0.000359s ]
INFO: [ app_begin ] --START--
INFO: Run Behavior\ReadHtmlCacheBehavior [ RunTime:0.000387s ]
INFO: [ app_begin ] --END-- [ RunTime:0.000417s ]
INFO: [ view_parse ] --START--
INFO: [ template_filter ] --START--
INFO: Run Behavior\ContentReplaceBehavior [ RunTime:0.000027s ]
INFO: [ template_filter ] --END-- [ RunTime:0.000070s ]
INFO: Run Behavior\ParseTemplateBehavior [ RunTime:0.005204s ]
INFO: [ view_parse ] --END-- [ RunTime:0.005267s ]
INFO: [ view_filter ] --START--
INFO: Run Behavior\WriteHtmlCacheBehavior [ RunTime:0.000564s ]
INFO: [ view_filter ] --END-- [ RunTime:0.000599s ]
SQL: SHOW COLUMNS FROM `goods` [ RunTime:0.0116s ]
SQL: SHOW COLUMNS FROM `goodstype` [ RunTime:0.0113s ]
SQL: SHOW COLUMNS FROM `goodsclassify` [ RunTime:0.0055s ]
SQL: SELECT goods.id AS id,goods.classifyid AS classifyid,goods.name AS name,goods.image AS image,goods.price AS price,goods.addtime AS addtime,goods.detail AS detail,goodstype.id AS type_id,goodstype.color AS color,goodstype.size AS size,goodstype.goodsleft AS goodsleft,goodsclassify.classifyname AS classifyname FROM goods goods  JOIN goodstype goodstype ON goods.id=goodstype.goodsid  JOIN goodsclassify goodsclassify ON goods.classifyid=goodsclassify.id  [ RunTime:0.0062s ]
SQL: SELECT goodstype.goodsid AS goodsid,goodstype.color AS color FROM goodstype goodstype WHERE ( goodsid=2 ) GROUP BY goodstype.color  [ RunTime:0.0027s ]
SQL: SELECT goodstype.goodsid AS goodsid,goodstype.size AS size FROM goodstype goodstype WHERE ( goodsid=2 ) GROUP BY goodstype.size  [ RunTime:0.0042s ]
INFO: [ app_end ] --START--
INFO: Run Behavior\ShowPageTraceBehavior [ RunTime:0.000707s ]
INFO: [ app_end ] --END-- [ RunTime:0.000740s ]

[ 2016-05-01T21:23:05+08:00 ] ::1 /505/demo/index.php/home/Index/datatest.html
INFO: [ app_init ] --START--
INFO: Run Behavior\BuildLiteBehavior [ RunTime:0.000031s ]
INFO: [ app_init ] --END-- [ RunTime:0.000742s ]
INFO: [ app_begin ] --START--
INFO: Run Behavior\ReadHtmlCacheBehavior [ RunTime:0.000473s ]
INFO: [ app_begin ] --END-- [ RunTime:0.000531s ]
INFO: [ view_parse ] --START--
INFO: [ template_filter ] --START--
INFO: Run Behavior\ContentReplaceBehavior [ RunTime:0.000026s ]
INFO: [ template_filter ] --END-- [ RunTime:0.000065s ]
INFO: Run Behavior\ParseTemplateBehavior [ RunTime:0.004078s ]
INFO: [ view_parse ] --END-- [ RunTime:0.004115s ]
INFO: [ view_filter ] --START--
INFO: Run Behavior\WriteHtmlCacheBehavior [ RunTime:0.000408s ]
INFO: [ view_filter ] --END-- [ RunTime:0.000430s ]
SQL: SHOW COLUMNS FROM `goods` [ RunTime:0.0035s ]
SQL: SHOW COLUMNS FROM `goodstype` [ RunTime:0.0029s ]
SQL: SHOW COLUMNS FROM `goodsclassify` [ RunTime:0.0051s ]
SQL: SELECT goods.id AS id,goods.classifyid AS classifyid,goods.name AS name,goods.image AS image,goods.price AS price,goods.addtime AS addtime,goods.detail AS detail,goodstype.id AS type_id,goodstype.color AS color,goodstype.size AS size,goodstype.goodsleft AS goodsleft,goodsclassify.classifyname AS classifyname FROM goods goods  JOIN goodstype goodstype ON goods.id=goodstype.goodsid  JOIN goodsclassify goodsclassify ON goods.classifyid=goodsclassify.id WHERE goods.id = 'name'  [ RunTime:0.0044s ]
SQL: SELECT goodstype.goodsid AS goodsid,goodstype.color AS color FROM goodstype goodstype WHERE ( goodsid=2 ) GROUP BY goodstype.color  [ RunTime:0.0033s ]
SQL: SELECT goodstype.goodsid AS goodsid,goodstype.size AS size FROM goodstype goodstype WHERE ( goodsid=2 ) GROUP BY goodstype.size  [ RunTime:0.0026s ]
INFO: [ app_end ] --START--
INFO: Run Behavior\ShowPageTraceBehavior [ RunTime:0.000580s ]
INFO: [ app_end ] --END-- [ RunTime:0.000605s ]

[ 2016-05-01T21:24:24+08:00 ] ::1 /505/demo/index.php/home/Index/datatest.html
INFO: [ app_init ] --START--
INFO: Run Behavior\BuildLiteBehavior [ RunTime:0.000019s ]
INFO: [ app_init ] --END-- [ RunTime:0.000585s ]
INFO: [ app_begin ] --START--
INFO: Run Behavior\ReadHtmlCacheBehavior [ RunTime:0.000460s ]
INFO: [ app_begin ] --END-- [ RunTime:0.000485s ]
INFO: [ view_parse ] --START--
INFO: [ template_filter ] --START--
INFO: Run Behavior\ContentReplaceBehavior [ RunTime:0.000019s ]
INFO: [ template_filter ] --END-- [ RunTime:0.000047s ]
INFO: Run Behavior\ParseTemplateBehavior [ RunTime:0.004050s ]
INFO: [ view_parse ] --END-- [ RunTime:0.004081s ]
INFO: [ view_filter ] --START--
INFO: Run Behavior\WriteHtmlCacheBehavior [ RunTime:0.000379s ]
INFO: [ view_filter ] --END-- [ RunTime:0.000401s ]
SQL: SHOW COLUMNS FROM `goods` [ RunTime:0.0035s ]
SQL: SHOW COLUMNS FROM `goodstype` [ RunTime:0.0035s ]
SQL: SHOW COLUMNS FROM `goodsclassify` [ RunTime:0.0034s ]
SQL: SELECT goods.name AS name FROM goods goods  JOIN goodstype goodstype ON goods.id=goodstype.goodsid  JOIN goodsclassify goodsclassify ON goods.classifyid=goodsclassify.id LIMIT 1   [ RunTime:0.0048s ]
SQL: SELECT goodstype.goodsid AS goodsid,goodstype.color AS color FROM goodstype goodstype WHERE ( goodsid=2 ) GROUP BY goodstype.color  [ RunTime:0.0028s ]
SQL: SELECT goodstype.goodsid AS goodsid,goodstype.size AS size FROM goodstype goodstype WHERE ( goodsid=2 ) GROUP BY goodstype.size  [ RunTime:0.0031s ]
INFO: [ app_end ] --START--
INFO: Run Behavior\ShowPageTraceBehavior [ RunTime:0.000841s ]
INFO: [ app_end ] --END-- [ RunTime:0.000880s ]

[ 2016-05-01T21:24:55+08:00 ] ::1 /505/demo/index.php/home/Index/datatest.html
INFO: [ app_init ] --START--
INFO: Run Behavior\BuildLiteBehavior [ RunTime:0.000014s ]
INFO: [ app_init ] --END-- [ RunTime:0.000429s ]
INFO: [ app_begin ] --START--
INFO: Run Behavior\ReadHtmlCacheBehavior [ RunTime:0.000605s ]
INFO: [ app_begin ] --END-- [ RunTime:0.000654s ]
INFO: [ view_parse ] --START--
INFO: [ template_filter ] --START--
INFO: Run Behavior\ContentReplaceBehavior [ RunTime:0.000037s ]
INFO: [ template_filter ] --END-- [ RunTime:0.000101s ]
INFO: Run Behavior\ParseTemplateBehavior [ RunTime:0.004725s ]
INFO: [ view_parse ] --END-- [ RunTime:0.004759s ]
INFO: [ view_filter ] --START--
INFO: Run Behavior\WriteHtmlCacheBehavior [ RunTime:0.000414s ]
INFO: [ view_filter ] --END-- [ RunTime:0.000439s ]
SQL: SHOW COLUMNS FROM `goods` [ RunTime:0.0039s ]
SQL: SHOW COLUMNS FROM `goodstype` [ RunTime:0.0038s ]
SQL: SHOW COLUMNS FROM `goodsclassify` [ RunTime:0.0132s ]
SQL: SELECT goods.name AS name,goodstype.color AS color,goodstype.size AS size,goodstype.goodsleft AS goodsleft FROM goods goods  JOIN goodstype goodstype ON goods.id=goodstype.goodsid  JOIN goodsclassify goodsclassify ON goods.classifyid=goodsclassify.id  [ RunTime:0.0030s ]
SQL: SELECT goodstype.goodsid AS goodsid,goodstype.color AS color FROM goodstype goodstype WHERE ( goodsid=2 ) GROUP BY goodstype.color  [ RunTime:0.0044s ]
SQL: SELECT goodstype.goodsid AS goodsid,goodstype.size AS size FROM goodstype goodstype WHERE ( goodsid=2 ) GROUP BY goodstype.size  [ RunTime:0.0033s ]
INFO: [ app_end ] --START--
INFO: Run Behavior\ShowPageTraceBehavior [ RunTime:0.000740s ]
INFO: [ app_end ] --END-- [ RunTime:0.000774s ]

[ 2016-05-01T21:25:24+08:00 ] ::1 /505/demo/index.php/home/Index/datatest.html
INFO: [ app_init ] --START--
INFO: Run Behavior\BuildLiteBehavior [ RunTime:0.000027s ]
INFO: [ app_init ] --END-- [ RunTime:0.000568s ]
INFO: [ app_begin ] --START--
INFO: Run Behavior\ReadHtmlCacheBehavior [ RunTime:0.000713s ]
INFO: [ app_begin ] --END-- [ RunTime:0.000767s ]
INFO: [ view_parse ] --START--
INFO: [ template_filter ] --START--
INFO: Run Behavior\ContentReplaceBehavior [ RunTime:0.000021s ]
INFO: [ template_filter ] --END-- [ RunTime:0.000053s ]
INFO: Run Behavior\ParseTemplateBehavior [ RunTime:0.004384s ]
INFO: [ view_parse ] --END-- [ RunTime:0.004415s ]
INFO: [ view_filter ] --START--
INFO: Run Behavior\WriteHtmlCacheBehavior [ RunTime:0.000341s ]
INFO: [ view_filter ] --END-- [ RunTime:0.000363s ]
SQL: SHOW COLUMNS FROM `goods` [ RunTime:0.0035s ]
SQL: SHOW COLUMNS FROM `goodstype` [ RunTime:0.0031s ]
SQL: SHOW COLUMNS FROM `goodsclassify` [ RunTime:0.0031s ]
SQL: SELECT goods.id AS id,goods.classifyid AS classifyid,goods.name AS name,goods.image AS image,goods.price AS price,goods.addtime AS addtime,goods.detail AS detail,goodstype.id AS type_id,goodstype.color AS color,goodstype.size AS size,goodstype.goodsleft AS goodsleft,goodsclassify.classifyname AS classifyname FROM goods goods  JOIN goodstype goodstype ON goods.id=goodstype.goodsid  JOIN goodsclassify goodsclassify ON goods.classifyid=goodsclassify.id  [ RunTime:0.0042s ]
SQL: SELECT goodstype.goodsid AS goodsid,goodstype.color AS color FROM goodstype goodstype WHERE ( goodsid=2 ) GROUP BY goodstype.color  [ RunTime:0.0030s ]
SQL: SELECT goodstype.goodsid AS goodsid,goodstype.size AS size FROM goodstype goodstype WHERE ( goodsid=2 ) GROUP BY goodstype.size  [ RunTime:0.0033s ]
INFO: [ app_end ] --START--
INFO: Run Behavior\ShowPageTraceBehavior [ RunTime:0.000784s ]
INFO: [ app_end ] --END-- [ RunTime:0.000814s ]

[ 2016-05-01T21:26:28+08:00 ] ::1 /505/demo/index.php/home/Index/datatest.html
INFO: [ app_init ] --START--
INFO: Run Behavior\BuildLiteBehavior [ RunTime:0.000010s ]
INFO: [ app_init ] --END-- [ RunTime:0.000506s ]
INFO: [ app_begin ] --START--
INFO: Run Behavior\ReadHtmlCacheBehavior [ RunTime:0.000411s ]
INFO: [ app_begin ] --END-- [ RunTime:0.000441s ]
INFO: [ view_parse ] --START--
INFO: [ template_filter ] --START--
INFO: Run Behavior\ContentReplaceBehavior [ RunTime:0.000032s ]
INFO: [ template_filter ] --END-- [ RunTime:0.000101s ]
INFO: Run Behavior\ParseTemplateBehavior [ RunTime:0.004948s ]
INFO: [ view_parse ] --END-- [ RunTime:0.004987s ]
INFO: [ view_filter ] --START--
INFO: Run Behavior\WriteHtmlCacheBehavior [ RunTime:0.000351s ]
INFO: [ view_filter ] --END-- [ RunTime:0.000374s ]
SQL: SHOW COLUMNS FROM `goods` [ RunTime:0.0057s ]
SQL: SHOW COLUMNS FROM `goodstype` [ RunTime:0.0033s ]
SQL: SHOW COLUMNS FROM `goodsclassify` [ RunTime:0.0030s ]
SQL: SELECT goods.name AS name,goodstype.color AS color,goodstype.size AS size,goodstype.goodsleft AS goodsleft FROM goods goods  JOIN goodstype goodstype ON goods.id=goodstype.goodsid  JOIN goodsclassify goodsclassify ON goods.classifyid=goodsclassify.id  [ RunTime:0.0076s ]
SQL: SELECT goodstype.goodsid AS goodsid,goodstype.color AS color FROM goodstype goodstype WHERE ( goodsid=2 ) GROUP BY goodstype.color  [ RunTime:0.0048s ]
SQL: SELECT goodstype.goodsid AS goodsid,goodstype.size AS size FROM goodstype goodstype WHERE ( goodsid=2 ) GROUP BY goodstype.size  [ RunTime:0.0030s ]
INFO: [ app_end ] --START--
INFO: Run Behavior\ShowPageTraceBehavior [ RunTime:0.000734s ]
INFO: [ app_end ] --END-- [ RunTime:0.000767s ]

[ 2016-05-01T21:26:44+08:00 ] ::1 /505/demo/index.php/home/Index/datatest.html
INFO: [ app_init ] --START--
INFO: Run Behavior\BuildLiteBehavior [ RunTime:0.000020s ]
INFO: [ app_init ] --END-- [ RunTime:0.000581s ]
INFO: [ app_begin ] --START--
INFO: Run Behavior\ReadHtmlCacheBehavior [ RunTime:0.000435s ]
INFO: [ app_begin ] --END-- [ RunTime:0.000485s ]
INFO: [ view_parse ] --START--
INFO: [ template_filter ] --START--
INFO: Run Behavior\ContentReplaceBehavior [ RunTime:0.000031s ]
INFO: [ template_filter ] --END-- [ RunTime:0.000104s ]
INFO: Run Behavior\ParseTemplateBehavior [ RunTime:0.005155s ]
INFO: [ view_parse ] --END-- [ RunTime:0.005197s ]
INFO: [ view_filter ] --START--
INFO: Run Behavior\WriteHtmlCacheBehavior [ RunTime:0.000370s ]
INFO: [ view_filter ] --END-- [ RunTime:0.000393s ]
SQL: SHOW COLUMNS FROM `goods` [ RunTime:0.0037s ]
SQL: SHOW COLUMNS FROM `goodstype` [ RunTime:0.0035s ]
SQL: SHOW COLUMNS FROM `goodsclassify` [ RunTime:0.0034s ]
SQL: SELECT goods.id AS id,goods.name AS name,goodstype.color AS color,goodstype.size AS size,goodstype.goodsleft AS goodsleft FROM goods goods  JOIN goodstype goodstype ON goods.id=goodstype.goodsid  JOIN goodsclassify goodsclassify ON goods.classifyid=goodsclassify.id  [ RunTime:0.0033s ]
SQL: SELECT goodstype.goodsid AS goodsid,goodstype.color AS color FROM goodstype goodstype WHERE ( goodsid=2 ) GROUP BY goodstype.color  [ RunTime:0.0034s ]
SQL: SELECT goodstype.goodsid AS goodsid,goodstype.size AS size FROM goodstype goodstype WHERE ( goodsid=2 ) GROUP BY goodstype.size  [ RunTime:0.0038s ]
INFO: [ app_end ] --START--
INFO: Run Behavior\ShowPageTraceBehavior [ RunTime:0.001049s ]
INFO: [ app_end ] --END-- [ RunTime:0.001088s ]

[ 2016-05-01T21:30:46+08:00 ] ::1 /505/demo/index.php/home/Index/datatest.html
INFO: [ app_init ] --START--
INFO: Run Behavior\BuildLiteBehavior [ RunTime:0.000014s ]
INFO: [ app_init ] --END-- [ RunTime:0.000423s ]
INFO: [ app_begin ] --START--
INFO: Run Behavior\ReadHtmlCacheBehavior [ RunTime:0.000516s ]
INFO: [ app_begin ] --END-- [ RunTime:0.000560s ]
INFO: [ view_parse ] --START--
INFO: [ template_filter ] --START--
INFO: Run Behavior\ContentReplaceBehavior [ RunTime:0.000019s ]
INFO: [ template_filter ] --END-- [ RunTime:0.000051s ]
INFO: Run Behavior\ParseTemplateBehavior [ RunTime:0.004627s ]
INFO: [ view_parse ] --END-- [ RunTime:0.004664s ]
INFO: [ view_filter ] --START--
INFO: Run Behavior\WriteHtmlCacheBehavior [ RunTime:0.000369s ]
INFO: [ view_filter ] --END-- [ RunTime:0.000394s ]
SQL: SHOW COLUMNS FROM `goods` [ RunTime:0.0932s ]
SQL: SHOW COLUMNS FROM `goodstype` [ RunTime:0.0039s ]
SQL: SHOW COLUMNS FROM `goodsclassify` [ RunTime:0.0034s ]
SQL: SELECT goods.id AS id,goods.classifyid AS classifyid,goods.name AS name,goods.image AS image,goods.price AS price,goods.addtime AS addtime,goods.detail AS detail,goodstype.id AS type_id,goodstype.color AS color,goodstype.size AS size,goodstype.goodsleft AS goodsleft,goodsclassify.classifyname AS classifyname FROM goods goods  JOIN goodstype goodstype ON goods.id=goodstype.goodsid  JOIN goodsclassify goodsclassify ON goods.classifyid=goodsclassify.id  [ RunTime:0.0048s ]
SQL: SELECT goodstype.goodsid AS goodsid,goodstype.color AS color FROM goodstype goodstype WHERE ( goodsid=2 ) GROUP BY goodstype.color  [ RunTime:0.0031s ]
SQL: SELECT goodstype.goodsid AS goodsid,goodstype.size AS size FROM goodstype goodstype WHERE ( goodsid=2 ) GROUP BY goodstype.size  [ RunTime:0.0031s ]
INFO: [ app_end ] --START--
INFO: Run Behavior\ShowPageTraceBehavior [ RunTime:0.000697s ]
INFO: [ app_end ] --END-- [ RunTime:0.000728s ]

[ 2016-05-01T21:45:21+08:00 ] ::1 /505/demo/index.php/home/Index/ajaxget.html
INFO: [ app_init ] --START--
INFO: Run Behavior\BuildLiteBehavior [ RunTime:0.000011s ]
INFO: [ app_init ] --END-- [ RunTime:0.000426s ]
INFO: [ app_begin ] --START--
INFO: Run Behavior\ReadHtmlCacheBehavior [ RunTime:0.000541s ]
INFO: [ app_begin ] --END-- [ RunTime:0.000571s ]
INFO: [ view_parse ] --START--
INFO: [ template_filter ] --START--
INFO: Run Behavior\ContentReplaceBehavior [ RunTime:0.000036s ]
INFO: [ template_filter ] --END-- [ RunTime:0.000091s ]
INFO: Run Behavior\ParseTemplateBehavior [ RunTime:0.007051s ]
INFO: [ view_parse ] --END-- [ RunTime:0.007087s ]
INFO: [ view_filter ] --START--
INFO: Run Behavior\WriteHtmlCacheBehavior [ RunTime:0.000461s ]
INFO: [ view_filter ] --END-- [ RunTime:0.000483s ]
INFO: [ app_end ] --START--
INFO: Run Behavior\ShowPageTraceBehavior [ RunTime:0.000673s ]
INFO: [ app_end ] --END-- [ RunTime:0.000695s ]

[ 2016-05-01T21:45:33+08:00 ] ::1 /505/demo/
INFO: [ app_init ] --START--
INFO: Run Behavior\BuildLiteBehavior [ RunTime:0.000011s ]
INFO: [ app_init ] --END-- [ RunTime:0.000496s ]
INFO: [ app_begin ] --START--
INFO: Run Behavior\ReadHtmlCacheBehavior [ RunTime:0.000719s ]
INFO: [ app_begin ] --END-- [ RunTime:0.000774s ]
INFO: [ view_parse ] --START--
INFO: Run Behavior\ParseTemplateBehavior [ RunTime:0.000499s ]
INFO: [ view_parse ] --END-- [ RunTime:0.000539s ]
INFO: [ view_filter ] --START--
INFO: Run Behavior\WriteHtmlCacheBehavior [ RunTime:0.000512s ]
INFO: [ view_filter ] --END-- [ RunTime:0.000539s ]
INFO: [ app_end ] --START--
INFO: Run Behavior\ShowPageTraceBehavior [ RunTime:0.000880s ]
INFO: [ app_end ] --END-- [ RunTime:0.000915s ]

[ 2016-05-01T21:45:34+08:00 ] ::1 /505/demo/index.php/home/Index/hello.html
INFO: [ app_init ] --START--
INFO: Run Behavior\BuildLiteBehavior [ RunTime:0.000011s ]
INFO: [ app_init ] --END-- [ RunTime:0.000505s ]
INFO: [ app_begin ] --START--
INFO: Run Behavior\ReadHtmlCacheBehavior [ RunTime:0.000683s ]
INFO: [ app_begin ] --END-- [ RunTime:0.000722s ]
SQL: SHOW COLUMNS FROM `admins` [ RunTime:0.0035s ]
SQL: SELECT * FROM `admins`  [ RunTime:0.0028s ]
INFO: [ view_parse ] --START--
INFO: [ template_filter ] --START--
INFO: Run Behavior\ContentReplaceBehavior [ RunTime:0.000023s ]
INFO: [ template_filter ] --END-- [ RunTime:0.000048s ]
INFO: Run Behavior\ParseTemplateBehavior [ RunTime:0.004788s ]
INFO: [ view_parse ] --END-- [ RunTime:0.004818s ]
INFO: [ view_filter ] --START--
INFO: Run Behavior\WriteHtmlCacheBehavior [ RunTime:0.000447s ]
INFO: [ view_filter ] --END-- [ RunTime:0.000469s ]
INFO: [ app_end ] --START--
INFO: Run Behavior\ShowPageTraceBehavior [ RunTime:0.000639s ]
INFO: [ app_end ] --END-- [ RunTime:0.000675s ]

[ 2016-05-01T21:45:39+08:00 ] ::1 /505/demo/index.php/home/Index/datatest.html
INFO: [ app_init ] --START--
INFO: Run Behavior\BuildLiteBehavior [ RunTime:0.000012s ]
INFO: [ app_init ] --END-- [ RunTime:0.000504s ]
INFO: [ app_begin ] --START--
INFO: Run Behavior\ReadHtmlCacheBehavior [ RunTime:0.000702s ]
INFO: [ app_begin ] --END-- [ RunTime:0.000742s ]
INFO: [ view_parse ] --START--
INFO: [ template_filter ] --START--
INFO: Run Behavior\ContentReplaceBehavior [ RunTime:0.000036s ]
INFO: [ template_filter ] --END-- [ RunTime:0.000102s ]
INFO: Run Behavior\ParseTemplateBehavior [ RunTime:0.006564s ]
INFO: [ view_parse ] --END-- [ RunTime:0.006609s ]
INFO: [ view_filter ] --START--
INFO: Run Behavior\WriteHtmlCacheBehavior [ RunTime:0.000540s ]
INFO: [ view_filter ] --END-- [ RunTime:0.000568s ]
SQL: SHOW COLUMNS FROM `goodstype` [ RunTime:0.0040s ]
SQL: SELECT goodstype.goodsid AS goodsid,goodstype.color AS color FROM goodstype goodstype WHERE ( goodsid=2 ) GROUP BY goodstype.color  [ RunTime:0.0032s ]
SQL: SELECT goodstype.goodsid AS goodsid,goodstype.size AS size FROM goodstype goodstype WHERE ( goodsid=2 ) GROUP BY goodstype.size  [ RunTime:0.0072s ]
INFO: [ app_end ] --START--
INFO: Run Behavior\ShowPageTraceBehavior [ RunTime:0.000740s ]
INFO: [ app_end ] --END-- [ RunTime:0.000777s ]

[ 2016-05-01T21:46:04+08:00 ] ::1 /505/demo/index.php/home/Index/datatest.html
INFO: [ app_init ] --START--
INFO: Run Behavior\BuildLiteBehavior [ RunTime:0.000013s ]
INFO: [ app_init ] --END-- [ RunTime:0.000528s ]
INFO: [ app_begin ] --START--
INFO: Run Behavior\ReadHtmlCacheBehavior [ RunTime:0.000862s ]
INFO: [ app_begin ] --END-- [ RunTime:0.000948s ]
INFO: [ view_parse ] --START--
INFO: [ template_filter ] --START--
INFO: Run Behavior\ContentReplaceBehavior [ RunTime:0.000019s ]
INFO: [ template_filter ] --END-- [ RunTime:0.000053s ]
INFO: Run Behavior\ParseTemplateBehavior [ RunTime:0.005714s ]
INFO: [ view_parse ] --END-- [ RunTime:0.005759s ]
INFO: [ view_filter ] --START--
INFO: Run Behavior\WriteHtmlCacheBehavior [ RunTime:0.000464s ]
INFO: [ view_filter ] --END-- [ RunTime:0.000486s ]
SQL: SHOW COLUMNS FROM `goods` [ RunTime:0.0036s ]
SQL: SHOW COLUMNS FROM `goodstype` [ RunTime:0.0035s ]
SQL: SHOW COLUMNS FROM `goodsclassify` [ RunTime:0.0033s ]
SQL: SELECT goods.id AS id FROM goods goods  JOIN goodstype goodstype ON goods.id=goodstype.goodsid  JOIN goodsclassify goodsclassify ON goods.classifyid=goodsclassify.id  [ RunTime:0.0031s ]
SQL: SELECT goodstype.goodsid AS goodsid,goodstype.color AS color FROM goodstype goodstype WHERE ( goodsid=2 ) GROUP BY goodstype.color  [ RunTime:0.0029s ]
SQL: SELECT goodstype.goodsid AS goodsid,goodstype.size AS size FROM goodstype goodstype WHERE ( goodsid=2 ) GROUP BY goodstype.size  [ RunTime:0.0030s ]
INFO: [ app_end ] --START--
INFO: Run Behavior\ShowPageTraceBehavior [ RunTime:0.000777s ]
INFO: [ app_end ] --END-- [ RunTime:0.000808s ]

[ 2016-05-01T21:46:25+08:00 ] ::1 /505/demo/index.php/home/Index/datatest.html
INFO: [ app_init ] --START--
INFO: Run Behavior\BuildLiteBehavior [ RunTime:0.000022s ]
INFO: [ app_init ] --END-- [ RunTime:0.000549s ]
INFO: [ app_begin ] --START--
INFO: Run Behavior\ReadHtmlCacheBehavior [ RunTime:0.000866s ]
INFO: [ app_begin ] --END-- [ RunTime:0.000927s ]
INFO: [ view_parse ] --START--
INFO: [ template_filter ] --START--
INFO: Run Behavior\ContentReplaceBehavior [ RunTime:0.000021s ]
INFO: [ template_filter ] --END-- [ RunTime:0.000057s ]
INFO: Run Behavior\ParseTemplateBehavior [ RunTime:0.005353s ]
INFO: [ view_parse ] --END-- [ RunTime:0.005394s ]
INFO: [ view_filter ] --START--
INFO: Run Behavior\WriteHtmlCacheBehavior [ RunTime:0.000521s ]
INFO: [ view_filter ] --END-- [ RunTime:0.000547s ]
SQL: SHOW COLUMNS FROM `goods` [ RunTime:0.0041s ]
SQL: SHOW COLUMNS FROM `goodstype` [ RunTime:0.0036s ]
SQL: SHOW COLUMNS FROM `goodsclassify` [ RunTime:0.0033s ]
SQL: SELECT goods.id AS id,goods.name AS name,goodstype.color AS color,goodstype.size AS size,goodstype.goodsleft AS goodsleft FROM goods goods  JOIN goodstype goodstype ON goods.id=goodstype.goodsid  JOIN goodsclassify goodsclassify ON goods.classifyid=goodsclassify.id  [ RunTime:0.0053s ]
SQL: SELECT goodstype.goodsid AS goodsid,goodstype.color AS color FROM goodstype goodstype WHERE ( goodsid=2 ) GROUP BY goodstype.color  [ RunTime:0.0032s ]
SQL: SELECT goodstype.goodsid AS goodsid,goodstype.size AS size FROM goodstype goodstype WHERE ( goodsid=2 ) GROUP BY goodstype.size  [ RunTime:0.0028s ]
INFO: [ app_end ] --START--
INFO: Run Behavior\ShowPageTraceBehavior [ RunTime:0.000818s ]
INFO: [ app_end ] --END-- [ RunTime:0.000851s ]

[ 2016-05-01T21:46:53+08:00 ] ::1 /505/demo/index.php/home/index/datatest.html?name=%E5%8D%AB%E8%A1%A3&color=%E7%BA%A2&size=12&add=%E6%8F%90%E4%BA%A4
INFO: [ app_init ] --START--
INFO: Run Behavior\BuildLiteBehavior [ RunTime:0.000012s ]
INFO: [ app_init ] --END-- [ RunTime:0.000520s ]
INFO: [ app_begin ] --START--
INFO: Run Behavior\ReadHtmlCacheBehavior [ RunTime:0.000848s ]
INFO: [ app_begin ] --END-- [ RunTime:0.000879s ]
INFO: [ view_parse ] --START--
INFO: [ template_filter ] --START--
INFO: Run Behavior\ContentReplaceBehavior [ RunTime:0.059740s ]
INFO: [ template_filter ] --END-- [ RunTime:0.059809s ]
INFO: Run Behavior\ParseTemplateBehavior [ RunTime:0.065267s ]
INFO: [ view_parse ] --END-- [ RunTime:0.065300s ]
INFO: [ view_filter ] --START--
INFO: Run Behavior\WriteHtmlCacheBehavior [ RunTime:0.000444s ]
INFO: [ view_filter ] --END-- [ RunTime:0.000467s ]
SQL: SHOW COLUMNS FROM `goods` [ RunTime:0.0036s ]
SQL: SHOW COLUMNS FROM `goodstype` [ RunTime:0.0033s ]
SQL: SHOW COLUMNS FROM `goodsclassify` [ RunTime:0.0032s ]
SQL: SELECT goods.id AS id,goods.name AS name,goodstype.color AS color,goodstype.size AS size,goodstype.goodsleft AS goodsleft FROM goods goods  JOIN goodstype goodstype ON goods.id=goodstype.goodsid  JOIN goodsclassify goodsclassify ON goods.classifyid=goodsclassify.id  [ RunTime:0.0030s ]
SQL: SELECT goodstype.goodsid AS goodsid,goodstype.color AS color FROM goodstype goodstype WHERE ( goodsid=2 ) GROUP BY goodstype.color  [ RunTime:0.0031s ]
SQL: SELECT goodstype.goodsid AS goodsid,goodstype.size AS size FROM goodstype goodstype WHERE ( goodsid=2 ) GROUP BY goodstype.size  [ RunTime:0.0029s ]
INFO: [ app_end ] --START--
INFO: Run Behavior\ShowPageTraceBehavior [ RunTime:0.000768s ]
INFO: [ app_end ] --END-- [ RunTime:0.000799s ]

[ 2016-05-01T21:47:23+08:00 ] ::1 /505/demo/index.php/home/index/datatest.html?name=%E5%8D%AB%E8%A1%A3&color=%E7%BA%A2&size=12&add=%E6%8F%90%E4%BA%A4
INFO: [ app_init ] --START--
INFO: Run Behavior\BuildLiteBehavior [ RunTime:0.000013s ]
INFO: [ app_init ] --END-- [ RunTime:0.000511s ]
INFO: [ app_begin ] --START--
INFO: Run Behavior\ReadHtmlCacheBehavior [ RunTime:0.000670s ]
INFO: [ app_begin ] --END-- [ RunTime:0.000710s ]
INFO: [ view_parse ] --START--
INFO: [ template_filter ] --START--
INFO: Run Behavior\ContentReplaceBehavior [ RunTime:0.000030s ]
INFO: [ template_filter ] --END-- [ RunTime:0.000077s ]
INFO: Run Behavior\ParseTemplateBehavior [ RunTime:0.006028s ]
INFO: [ view_parse ] --END-- [ RunTime:0.006088s ]
INFO: [ view_filter ] --START--
INFO: Run Behavior\WriteHtmlCacheBehavior [ RunTime:0.000649s ]
INFO: [ view_filter ] --END-- [ RunTime:0.000687s ]
SQL: SHOW COLUMNS FROM `goods` [ RunTime:0.0035s ]
SQL: SHOW COLUMNS FROM `goodstype` [ RunTime:0.0035s ]
SQL: SHOW COLUMNS FROM `goodsclassify` [ RunTime:0.0036s ]
SQL: SELECT goods.id AS id,goods.name AS name,goodstype.color AS color,goodstype.size AS size,goodstype.goodsleft AS goodsleft FROM goods goods  JOIN goodstype goodstype ON goods.id=goodstype.goodsid  JOIN goodsclassify goodsclassify ON goods.classifyid=goodsclassify.id  [ RunTime:0.0030s ]
SQL: SELECT goodstype.goodsid AS goodsid,goodstype.color AS color FROM goodstype goodstype WHERE ( goodsid=2 ) GROUP BY goodstype.color  [ RunTime:0.0028s ]
SQL: SELECT goodstype.goodsid AS goodsid,goodstype.size AS size FROM goodstype goodstype WHERE ( goodsid=2 ) GROUP BY goodstype.size  [ RunTime:0.0028s ]
INFO: [ app_end ] --START--
INFO: Run Behavior\ShowPageTraceBehavior [ RunTime:0.000857s ]
INFO: [ app_end ] --END-- [ RunTime:0.000890s ]

[ 2016-05-01T21:47:30+08:00 ] ::1 /505/demo/index.php/home/Index/ajaxget.html
INFO: [ app_init ] --START--
INFO: Run Behavior\BuildLiteBehavior [ RunTime:0.000012s ]
INFO: [ app_init ] --END-- [ RunTime:0.000447s ]
INFO: [ app_begin ] --START--
INFO: Run Behavior\ReadHtmlCacheBehavior [ RunTime:0.000832s ]
INFO: [ app_begin ] --END-- [ RunTime:0.000903s ]
INFO: [ view_parse ] --START--
INFO: [ template_filter ] --START--
INFO: Run Behavior\ContentReplaceBehavior [ RunTime:0.000019s ]
INFO: [ template_filter ] --END-- [ RunTime:0.000050s ]
INFO: Run Behavior\ParseTemplateBehavior [ RunTime:0.004686s ]
INFO: [ view_parse ] --END-- [ RunTime:0.004716s ]
INFO: [ view_filter ] --START--
INFO: Run Behavior\WriteHtmlCacheBehavior [ RunTime:0.000402s ]
INFO: [ view_filter ] --END-- [ RunTime:0.000423s ]
INFO: [ app_end ] --START--
INFO: Run Behavior\ShowPageTraceBehavior [ RunTime:0.000555s ]
INFO: [ app_end ] --END-- [ RunTime:0.000578s ]

[ 2016-05-01T21:47:38+08:00 ] ::1 /505/demo/index.php/home/index/ajaxtest.html?name=%E5%8D%AB%E8%A1%A3&color=%E7%BA%A2&size=12&add=%E6%8F%90%E4%BA%A4
INFO: [ app_init ] --START--
INFO: Run Behavior\BuildLiteBehavior [ RunTime:0.000011s ]
INFO: [ app_init ] --END-- [ RunTime:0.000505s ]
INFO: [ app_begin ] --START--
INFO: Run Behavior\ReadHtmlCacheBehavior [ RunTime:0.000705s ]
INFO: [ app_begin ] --END-- [ RunTime:0.000745s ]
ERR: 非法操作:ajaxtest

[ 2016-05-01T21:48:28+08:00 ] ::1 /505/demo/index.php/home/index/ajaxtest.html?name=%E5%8D%AB%E8%A1%A3&color=%E7%BA%A2&size=12&add=%E6%8F%90%E4%BA%A4
INFO: [ app_init ] --START--
INFO: Run Behavior\BuildLiteBehavior [ RunTime:0.000015s ]
INFO: [ app_init ] --END-- [ RunTime:0.000541s ]
INFO: [ app_begin ] --START--
INFO: Run Behavior\ReadHtmlCacheBehavior [ RunTime:0.001016s ]
INFO: [ app_begin ] --END-- [ RunTime:0.001065s ]
ERR: 非法操作:ajaxtest

[ 2016-05-01T21:48:31+08:00 ] ::1 /505/demo/index.php/home/Index/ajaxget.html
INFO: [ app_init ] --START--
INFO: Run Behavior\BuildLiteBehavior [ RunTime:0.000010s ]
INFO: [ app_init ] --END-- [ RunTime:0.000498s ]
INFO: [ app_begin ] --START--
INFO: Run Behavior\ReadHtmlCacheBehavior [ RunTime:0.000663s ]
INFO: [ app_begin ] --END-- [ RunTime:0.000712s ]
INFO: [ view_parse ] --START--
INFO: [ template_filter ] --START--
INFO: Run Behavior\ContentReplaceBehavior [ RunTime:0.000041s ]
INFO: [ template_filter ] --END-- [ RunTime:0.000109s ]
INFO: Run Behavior\ParseTemplateBehavior [ RunTime:0.004717s ]
INFO: [ view_parse ] --END-- [ RunTime:0.004757s ]
INFO: [ view_filter ] --START--
INFO: Run Behavior\WriteHtmlCacheBehavior [ RunTime:0.000378s ]
INFO: [ view_filter ] --END-- [ RunTime:0.000399s ]
INFO: [ app_end ] --START--
INFO: Run Behavior\ShowPageTraceBehavior [ RunTime:0.000502s ]
INFO: [ app_end ] --END-- [ RunTime:0.000523s ]

[ 2016-05-01T21:48:36+08:00 ] ::1 /505/demo/index.php/home/index/ajaxtest.html
INFO: [ app_init ] --START--
INFO: Run Behavior\BuildLiteBehavior [ RunTime:0.000012s ]
INFO: [ app_init ] --END-- [ RunTime:0.000511s ]
INFO: [ app_begin ] --START--
INFO: Run Behavior\ReadHtmlCacheBehavior [ RunTime:0.000683s ]
INFO: [ app_begin ] --END-- [ RunTime:0.000725s ]
ERR: 非法操作:ajaxtest

[ 2016-05-01T21:49:01+08:00 ] ::1 /505/demo/index.php/home/index/ajaxtest.html
INFO: [ app_init ] --START--
INFO: Run Behavior\BuildLiteBehavior [ RunTime:0.000013s ]
INFO: [ app_init ] --END-- [ RunTime:0.000519s ]
INFO: [ app_begin ] --START--
INFO: Run Behavior\ReadHtmlCacheBehavior [ RunTime:0.000722s ]
INFO: [ app_begin ] --END-- [ RunTime:0.000777s ]
SQL: SHOW COLUMNS FROM `goods` [ RunTime:0.0040s ]
SQL: SHOW COLUMNS FROM `goodstype` [ RunTime:0.0050s ]
SQL: SHOW COLUMNS FROM `goodsclassify` [ RunTime:0.0033s ]
SQL: SELECT goods.id AS id,goods.classifyid AS classifyid,goods.name AS name,goods.image AS image,goods.price AS price,goods.addtime AS addtime,goods.detail AS detail,goodstype.id AS type_id,goodstype.color AS color,goodstype.size AS size,goodstype.goodsleft AS goodsleft,goodsclassify.classifyname AS classifyname FROM goods goods  JOIN goodstype goodstype ON goods.id=goodstype.goodsid  JOIN goodsclassify goodsclassify ON goods.classifyid=goodsclassify.id WHERE ( name="卫衣" and color="红" and size="12" ) LIMIT 1   [ RunTime:0.0039s ]

[ 2016-05-01T23:46:42+08:00 ] ::1 /505/demo/index.php/home/Index/ajaxget.html
INFO: [ app_init ] --START--
INFO: Run Behavior\BuildLiteBehavior [ RunTime:0.000010s ]
INFO: [ app_init ] --END-- [ RunTime:0.000348s ]
INFO: [ app_begin ] --START--
INFO: Run Behavior\ReadHtmlCacheBehavior [ RunTime:0.000437s ]
INFO: [ app_begin ] --END-- [ RunTime:0.000476s ]
INFO: [ view_parse ] --START--
INFO: [ template_filter ] --START--
INFO: Run Behavior\ContentReplaceBehavior [ RunTime:0.000027s ]
INFO: [ template_filter ] --END-- [ RunTime:0.000077s ]
INFO: Run Behavior\ParseTemplateBehavior [ RunTime:0.005283s ]
INFO: [ view_parse ] --END-- [ RunTime:0.005332s ]
INFO: [ view_filter ] --START--
INFO: Run Behavior\WriteHtmlCacheBehavior [ RunTime:0.000450s ]
INFO: [ view_filter ] --END-- [ RunTime:0.000486s ]
INFO: [ app_end ] --START--
INFO: Run Behavior\ShowPageTraceBehavior [ RunTime:0.000621s ]
INFO: [ app_end ] --END-- [ RunTime:0.000663s ]

[ 2016-05-01T23:46:48+08:00 ] ::1 /505/demo/index.php/home/Index/hello.html
INFO: [ app_init ] --START--
INFO: Run Behavior\BuildLiteBehavior [ RunTime:0.000010s ]
INFO: [ app_init ] --END-- [ RunTime:0.000362s ]
INFO: [ app_begin ] --START--
INFO: Run Behavior\ReadHtmlCacheBehavior [ RunTime:0.000540s ]
INFO: [ app_begin ] --END-- [ RunTime:0.000573s ]
SQL: SHOW COLUMNS FROM `admins` [ RunTime:0.0039s ]
SQL: SELECT * FROM `admins`  [ RunTime:0.0028s ]
INFO: [ view_parse ] --START--
INFO: [ template_filter ] --START--
INFO: Run Behavior\ContentReplaceBehavior [ RunTime:0.000073s ]
INFO: [ template_filter ] --END-- [ RunTime:0.000185s ]
INFO: Run Behavior\ParseTemplateBehavior [ RunTime:0.098864s ]
INFO: [ view_parse ] --END-- [ RunTime:0.098945s ]
INFO: [ view_filter ] --START--
INFO: Run Behavior\WriteHtmlCacheBehavior [ RunTime:0.001351s ]
INFO: [ view_filter ] --END-- [ RunTime:0.001450s ]
INFO: [ app_end ] --START--
INFO: Run Behavior\ShowPageTraceBehavior [ RunTime:0.002081s ]
INFO: [ app_end ] --END-- [ RunTime:0.002183s ]

[ 2016-05-01T23:46:52+08:00 ] ::1 /505/demo/index.php/home/Index/hello.html
INFO: [ app_init ] --START--
INFO: Run Behavior\BuildLiteBehavior [ RunTime:0.000023s ]
INFO: [ app_init ] --END-- [ RunTime:0.000545s ]
INFO: [ app_begin ] --START--
INFO: Run Behavior\ReadHtmlCacheBehavior [ RunTime:0.000468s ]
INFO: [ app_begin ] --END-- [ RunTime:0.000521s ]
SQL: SHOW COLUMNS FROM `admins` [ RunTime:0.0035s ]
SQL: SELECT * FROM `admins`  [ RunTime:0.0157s ]
INFO: [ view_parse ] --START--
INFO: [ template_filter ] --START--
INFO: Run Behavior\ContentReplaceBehavior [ RunTime:0.000021s ]
INFO: [ template_filter ] --END-- [ RunTime:0.000045s ]
INFO: Run Behavior\ParseTemplateBehavior [ RunTime:0.004214s ]
INFO: [ view_parse ] --END-- [ RunTime:0.004243s ]
INFO: [ view_filter ] --START--
INFO: Run Behavior\WriteHtmlCacheBehavior [ RunTime:0.000296s ]
INFO: [ view_filter ] --END-- [ RunTime:0.000318s ]
INFO: [ app_end ] --START--
INFO: Run Behavior\ShowPageTraceBehavior [ RunTime:0.000530s ]
INFO: [ app_end ] --END-- [ RunTime:0.000553s ]

