[ 2016-05-01T13:04:12+08:00 ] ::1 /505/admin/
INFO: [ app_init ] --START--
INFO: Run Behavior\BuildLiteBehavior [ RunTime:0.000010s ]
INFO: [ app_init ] --END-- [ RunTime:0.000552s ]
INFO: [ app_begin ] --START--
INFO: Run Behavior\ReadHtmlCacheBehavior [ RunTime:0.000462s ]
INFO: [ app_begin ] --END-- [ RunTime:0.000488s ]
INFO: [ view_parse ] --START--
NOTIC: [2] file_get_contents(./App/Home/View/Public/header.html): failed to open stream: No such file or directory F:\php\httpd-2.4.20-win64-VC14\Apache24\htdocs\505\thinkphp\Library\Think\Template.class.php 第 785 行.
NOTIC: [2] file_get_contents(./App/Home/View/Public/footer.html): failed to open stream: No such file or directory F:\php\httpd-2.4.20-win64-VC14\Apache24\htdocs\505\thinkphp\Library\Think\Template.class.php 第 785 行.
INFO: [ template_filter ] --START--
INFO: Run Behavior\ContentReplaceBehavior [ RunTime:0.000225s ]
INFO: [ template_filter ] --END-- [ RunTime:0.000351s ]
INFO: Run Behavior\ParseTemplateBehavior [ RunTime:0.203614s ]
INFO: [ view_parse ] --END-- [ RunTime:0.203707s ]
INFO: [ view_filter ] --START--
INFO: Run Behavior\WriteHtmlCacheBehavior [ RunTime:0.001622s ]
INFO: [ view_filter ] --END-- [ RunTime:0.001725s ]
INFO: [ app_end ] --START--
INFO: Run Behavior\ShowPageTraceBehavior [ RunTime:0.002624s ]
INFO: [ app_end ] --END-- [ RunTime:0.002740s ]

[ 2016-05-01T13:04:18+08:00 ] ::1 /505/admin/index.php/Home/index/order.html
INFO: [ app_init ] --START--
INFO: Run Behavior\BuildLiteBehavior [ RunTime:0.000009s ]
INFO: [ app_init ] --END-- [ RunTime:0.000620s ]
INFO: [ app_begin ] --START--
INFO: Run Behavior\ReadHtmlCacheBehavior [ RunTime:0.000759s ]
INFO: [ app_begin ] --END-- [ RunTime:0.000793s ]
SQL: SHOW COLUMNS FROM `order` [ RunTime:0.0033s ]
SQL: SELECT * FROM `order` ORDER BY `id` desc  [ RunTime:0.0031s ]
SQL: SHOW COLUMNS FROM `users` [ RunTime:0.0033s ]
SQL: SELECT * FROM `users`  [ RunTime:0.0030s ]
SQL: SHOW COLUMNS FROM `goodstype` [ RunTime:0.0033s ]
SQL: SELECT * FROM `goodstype`  [ RunTime:0.0028s ]
SQL: SHOW COLUMNS FROM `goods` [ RunTime:0.0032s ]
SQL: SELECT * FROM `goods`  [ RunTime:0.0028s ]
INFO: [ view_parse ] --START--
NOTIC: [2] file_get_contents(./App/Home/View/Public/header.html): failed to open stream: No such file or directory F:\php\httpd-2.4.20-win64-VC14\Apache24\htdocs\505\thinkphp\Library\Think\Template.class.php 第 785 行.
NOTIC: [2] file_get_contents(./App/Home/View/Public/footer.html): failed to open stream: No such file or directory F:\php\httpd-2.4.20-win64-VC14\Apache24\htdocs\505\thinkphp\Library\Think\Template.class.php 第 785 行.
INFO: [ template_filter ] --START--
INFO: Run Behavior\ContentReplaceBehavior [ RunTime:0.000052s ]
INFO: [ template_filter ] --END-- [ RunTime:0.000092s ]

[ 2016-05-01T13:04:24+08:00 ] ::1 /505/admin/index.php/Home/index.html
INFO: [ app_init ] --START--
INFO: Run Behavior\BuildLiteBehavior [ RunTime:0.000011s ]
INFO: [ app_init ] --END-- [ RunTime:0.000556s ]
INFO: [ app_begin ] --START--
INFO: Run Behavior\ReadHtmlCacheBehavior [ RunTime:0.000674s ]
INFO: [ app_begin ] --END-- [ RunTime:0.000708s ]
INFO: [ view_parse ] --START--
NOTIC: [2] file_get_contents(./App/Home/View/Public/header.html): failed to open stream: No such file or directory F:\php\httpd-2.4.20-win64-VC14\Apache24\htdocs\505\thinkphp\Library\Think\Template.class.php 第 785 行.
NOTIC: [2] file_get_contents(./App/Home/View/Public/footer.html): failed to open stream: No such file or directory F:\php\httpd-2.4.20-win64-VC14\Apache24\htdocs\505\thinkphp\Library\Think\Template.class.php 第 785 行.
INFO: [ template_filter ] --START--
INFO: Run Behavior\ContentReplaceBehavior [ RunTime:0.000070s ]
INFO: [ template_filter ] --END-- [ RunTime:0.000102s ]
INFO: Run Behavior\ParseTemplateBehavior [ RunTime:0.007580s ]
INFO: [ view_parse ] --END-- [ RunTime:0.007613s ]
INFO: [ view_filter ] --START--
INFO: Run Behavior\WriteHtmlCacheBehavior [ RunTime:0.000542s ]
INFO: [ view_filter ] --END-- [ RunTime:0.000570s ]
INFO: [ app_end ] --START--
INFO: Run Behavior\ShowPageTraceBehavior [ RunTime:0.000747s ]
INFO: [ app_end ] --END-- [ RunTime:0.000787s ]

[ 2016-05-01T13:04:25+08:00 ] ::1 /505/admin/index.php/Home/index/notice.html
INFO: [ app_init ] --START--
INFO: Run Behavior\BuildLiteBehavior [ RunTime:0.000011s ]
INFO: [ app_init ] --END-- [ RunTime:0.000490s ]
INFO: [ app_begin ] --START--
INFO: Run Behavior\ReadHtmlCacheBehavior [ RunTime:0.000717s ]
INFO: [ app_begin ] --END-- [ RunTime:0.000754s ]
SQL: SHOW COLUMNS FROM `notice` [ RunTime:0.0035s ]
SQL: SELECT * FROM `notice`  [ RunTime:0.0029s ]
INFO: [ view_parse ] --START--
NOTIC: [2] file_get_contents(./App/Home/View/Public/header.html): failed to open stream: No such file or directory F:\php\httpd-2.4.20-win64-VC14\Apache24\htdocs\505\thinkphp\Library\Think\Template.class.php 第 785 行.
NOTIC: [2] file_get_contents(./App/Home/View/Public/footer.html): failed to open stream: No such file or directory F:\php\httpd-2.4.20-win64-VC14\Apache24\htdocs\505\thinkphp\Library\Think\Template.class.php 第 785 行.
INFO: [ template_filter ] --START--
INFO: Run Behavior\ContentReplaceBehavior [ RunTime:0.000058s ]
INFO: [ template_filter ] --END-- [ RunTime:0.000089s ]
INFO: Run Behavior\ParseTemplateBehavior [ RunTime:0.007768s ]
INFO: [ view_parse ] --END-- [ RunTime:0.007802s ]
INFO: [ view_filter ] --START--
INFO: Run Behavior\WriteHtmlCacheBehavior [ RunTime:0.000525s ]
INFO: [ view_filter ] --END-- [ RunTime:0.000554s ]
INFO: [ app_end ] --START--
INFO: Run Behavior\ShowPageTraceBehavior [ RunTime:0.000750s ]
INFO: [ app_end ] --END-- [ RunTime:0.000790s ]

[ 2016-05-01T13:04:27+08:00 ] ::1 /505/admin/index.php/Home/index/notice.html
INFO: [ app_init ] --START--
INFO: Run Behavior\BuildLiteBehavior [ RunTime:0.000011s ]
INFO: [ app_init ] --END-- [ RunTime:0.000530s ]
INFO: [ app_begin ] --START--
INFO: Run Behavior\ReadHtmlCacheBehavior [ RunTime:0.000717s ]
INFO: [ app_begin ] --END-- [ RunTime:0.000752s ]
SQL: SHOW COLUMNS FROM `notice` [ RunTime:0.0034s ]
SQL: SELECT * FROM `notice`  [ RunTime:0.0032s ]
INFO: [ view_parse ] --START--
NOTIC: [2] file_get_contents(./App/Home/View/Public/header.html): failed to open stream: No such file or directory F:\php\httpd-2.4.20-win64-VC14\Apache24\htdocs\505\thinkphp\Library\Think\Template.class.php 第 785 行.
NOTIC: [2] file_get_contents(./App/Home/View/Public/footer.html): failed to open stream: No such file or directory F:\php\httpd-2.4.20-win64-VC14\Apache24\htdocs\505\thinkphp\Library\Think\Template.class.php 第 785 行.
INFO: [ template_filter ] --START--
INFO: Run Behavior\ContentReplaceBehavior [ RunTime:0.000057s ]
INFO: [ template_filter ] --END-- [ RunTime:0.000086s ]
INFO: Run Behavior\ParseTemplateBehavior [ RunTime:0.007935s ]
INFO: [ view_parse ] --END-- [ RunTime:0.007968s ]
INFO: [ view_filter ] --START--
INFO: Run Behavior\WriteHtmlCacheBehavior [ RunTime:0.000565s ]
INFO: [ view_filter ] --END-- [ RunTime:0.000593s ]
INFO: [ app_end ] --START--
INFO: Run Behavior\ShowPageTraceBehavior [ RunTime:0.000755s ]
INFO: [ app_end ] --END-- [ RunTime:0.000801s ]

[ 2016-05-01T13:04:35+08:00 ] ::1 /505/admin/index.php/Home/index/notice.html
INFO: [ app_init ] --START--
INFO: Run Behavior\BuildLiteBehavior [ RunTime:0.000008s ]
INFO: [ app_init ] --END-- [ RunTime:0.000374s ]
INFO: [ app_begin ] --START--
INFO: Run Behavior\ReadHtmlCacheBehavior [ RunTime:0.000448s ]
INFO: [ app_begin ] --END-- [ RunTime:0.000476s ]
SQL: SHOW COLUMNS FROM `notice` [ RunTime:0.0033s ]
SQL: SELECT * FROM `notice`  [ RunTime:0.0030s ]
INFO: [ view_parse ] --START--
NOTIC: [2] file_get_contents(./App/Home/View/Public/header.html): failed to open stream: No such file or directory F:\php\httpd-2.4.20-win64-VC14\Apache24\htdocs\505\thinkphp\Library\Think\Template.class.php 第 785 行.
NOTIC: [2] file_get_contents(./App/Home/View/Public/footer.html): failed to open stream: No such file or directory F:\php\httpd-2.4.20-win64-VC14\Apache24\htdocs\505\thinkphp\Library\Think\Template.class.php 第 785 行.
INFO: [ template_filter ] --START--
INFO: Run Behavior\ContentReplaceBehavior [ RunTime:0.000048s ]
INFO: [ template_filter ] --END-- [ RunTime:0.000077s ]
INFO: Run Behavior\ParseTemplateBehavior [ RunTime:0.008416s ]
INFO: [ view_parse ] --END-- [ RunTime:0.008441s ]
INFO: [ view_filter ] --START--
INFO: Run Behavior\WriteHtmlCacheBehavior [ RunTime:0.000360s ]
INFO: [ view_filter ] --END-- [ RunTime:0.000382s ]
INFO: [ app_end ] --START--
INFO: Run Behavior\ShowPageTraceBehavior [ RunTime:0.000525s ]
INFO: [ app_end ] --END-- [ RunTime:0.000556s ]

[ 2016-05-01T13:04:39+08:00 ] ::1 /505/admin/index.php/Home/index/premium-profile.html
INFO: [ app_init ] --START--
INFO: Run Behavior\BuildLiteBehavior [ RunTime:0.000011s ]
INFO: [ app_init ] --END-- [ RunTime:0.000505s ]
INFO: [ app_begin ] --START--
INFO: Run Behavior\ReadHtmlCacheBehavior [ RunTime:0.000553s ]
INFO: [ app_begin ] --END-- [ RunTime:0.000588s ]
ERR: 非法操作:premium-profile

[ 2016-05-01T13:04:42+08:00 ] ::1 /505/admin/index.php/Home/index/premium-profile.html
INFO: [ app_init ] --START--
INFO: Run Behavior\BuildLiteBehavior [ RunTime:0.000013s ]
INFO: [ app_init ] --END-- [ RunTime:0.000344s ]
INFO: [ app_begin ] --START--
INFO: Run Behavior\ReadHtmlCacheBehavior [ RunTime:0.000376s ]
INFO: [ app_begin ] --END-- [ RunTime:0.000405s ]
ERR: 非法操作:premium-profile

[ 2016-05-01T13:04:48+08:00 ] ::1 /505/admin/index.php/Home/index/admins.html
INFO: [ app_init ] --START--
INFO: Run Behavior\BuildLiteBehavior [ RunTime:0.000017s ]
INFO: [ app_init ] --END-- [ RunTime:0.000319s ]
INFO: [ app_begin ] --START--
INFO: Run Behavior\ReadHtmlCacheBehavior [ RunTime:0.000327s ]
INFO: [ app_begin ] --END-- [ RunTime:0.000352s ]
SQL: SHOW COLUMNS FROM `admins` [ RunTime:0.0034s ]
SQL: SELECT * FROM `admins`  [ RunTime:0.0028s ]
INFO: [ view_parse ] --START--
NOTIC: [2] file_get_contents(./App/Home/View/Public/header.html): failed to open stream: No such file or directory F:\php\httpd-2.4.20-win64-VC14\Apache24\htdocs\505\thinkphp\Library\Think\Template.class.php 第 785 行.
NOTIC: [2] file_get_contents(./App/Home/View/Public/footer.html): failed to open stream: No such file or directory F:\php\httpd-2.4.20-win64-VC14\Apache24\htdocs\505\thinkphp\Library\Think\Template.class.php 第 785 行.
INFO: [ template_filter ] --START--
INFO: Run Behavior\ContentReplaceBehavior [ RunTime:0.000062s ]
INFO: [ template_filter ] --END-- [ RunTime:0.000092s ]
INFO: Run Behavior\ParseTemplateBehavior [ RunTime:0.007319s ]
INFO: [ view_parse ] --END-- [ RunTime:0.007352s ]
INFO: [ view_filter ] --START--
INFO: Run Behavior\WriteHtmlCacheBehavior [ RunTime:0.000498s ]
INFO: [ view_filter ] --END-- [ RunTime:0.000528s ]
INFO: [ app_end ] --START--
INFO: Run Behavior\ShowPageTraceBehavior [ RunTime:0.000663s ]
INFO: [ app_end ] --END-- [ RunTime:0.000701s ]

[ 2016-05-01T13:04:55+08:00 ] ::1 /505/admin/index.php/Home/index/order.html
INFO: [ app_init ] --START--
INFO: Run Behavior\BuildLiteBehavior [ RunTime:0.000010s ]
INFO: [ app_init ] --END-- [ RunTime:0.000483s ]
INFO: [ app_begin ] --START--
INFO: Run Behavior\ReadHtmlCacheBehavior [ RunTime:0.000501s ]
INFO: [ app_begin ] --END-- [ RunTime:0.000543s ]
SQL: SHOW COLUMNS FROM `order` [ RunTime:0.0036s ]
SQL: SELECT * FROM `order` ORDER BY `id` desc  [ RunTime:0.0030s ]
SQL: SHOW COLUMNS FROM `users` [ RunTime:0.0036s ]
SQL: SELECT * FROM `users`  [ RunTime:0.0033s ]
SQL: SHOW COLUMNS FROM `goodstype` [ RunTime:0.0033s ]
SQL: SELECT * FROM `goodstype`  [ RunTime:0.0030s ]
SQL: SHOW COLUMNS FROM `goods` [ RunTime:0.0034s ]
SQL: SELECT * FROM `goods`  [ RunTime:0.0032s ]
INFO: [ view_parse ] --START--
NOTIC: [2] file_get_contents(./App/Home/View/Public/header.html): failed to open stream: No such file or directory F:\php\httpd-2.4.20-win64-VC14\Apache24\htdocs\505\thinkphp\Library\Think\Template.class.php 第 785 行.
NOTIC: [2] file_get_contents(./App/Home/View/Public/footer.html): failed to open stream: No such file or directory F:\php\httpd-2.4.20-win64-VC14\Apache24\htdocs\505\thinkphp\Library\Think\Template.class.php 第 785 行.
INFO: [ template_filter ] --START--
INFO: Run Behavior\ContentReplaceBehavior [ RunTime:0.000063s ]
INFO: [ template_filter ] --END-- [ RunTime:0.000092s ]

[ 2016-05-01T13:05:01+08:00 ] ::1 /505/admin/index.php/Home/index/premium-profile.html
INFO: [ app_init ] --START--
INFO: Run Behavior\BuildLiteBehavior [ RunTime:0.000009s ]
INFO: [ app_init ] --END-- [ RunTime:0.000475s ]
INFO: [ app_begin ] --START--
INFO: Run Behavior\ReadHtmlCacheBehavior [ RunTime:0.000544s ]
INFO: [ app_begin ] --END-- [ RunTime:0.000579s ]
ERR: 非法操作:premium-profile

[ 2016-05-01T13:05:04+08:00 ] ::1 /505/admin/index.php/Home/index/notice.html
INFO: [ app_init ] --START--
INFO: Run Behavior\BuildLiteBehavior [ RunTime:0.000010s ]
INFO: [ app_init ] --END-- [ RunTime:0.000422s ]
INFO: [ app_begin ] --START--
INFO: Run Behavior\ReadHtmlCacheBehavior [ RunTime:0.000489s ]
INFO: [ app_begin ] --END-- [ RunTime:0.000525s ]
SQL: SHOW COLUMNS FROM `notice` [ RunTime:0.0039s ]
SQL: SELECT * FROM `notice`  [ RunTime:0.0033s ]
INFO: [ view_parse ] --START--
NOTIC: [2] file_get_contents(./App/Home/View/Public/header.html): failed to open stream: No such file or directory F:\php\httpd-2.4.20-win64-VC14\Apache24\htdocs\505\thinkphp\Library\Think\Template.class.php 第 785 行.
NOTIC: [2] file_get_contents(./App/Home/View/Public/footer.html): failed to open stream: No such file or directory F:\php\httpd-2.4.20-win64-VC14\Apache24\htdocs\505\thinkphp\Library\Think\Template.class.php 第 785 行.
INFO: [ template_filter ] --START--
INFO: Run Behavior\ContentReplaceBehavior [ RunTime:0.000064s ]
INFO: [ template_filter ] --END-- [ RunTime:0.000098s ]
INFO: Run Behavior\ParseTemplateBehavior [ RunTime:0.007234s ]
INFO: [ view_parse ] --END-- [ RunTime:0.007267s ]
INFO: [ view_filter ] --START--
INFO: Run Behavior\WriteHtmlCacheBehavior [ RunTime:0.000493s ]
INFO: [ view_filter ] --END-- [ RunTime:0.000522s ]
INFO: [ app_end ] --START--
INFO: Run Behavior\ShowPageTraceBehavior [ RunTime:0.000660s ]
INFO: [ app_end ] --END-- [ RunTime:0.000695s ]

[ 2016-05-01T13:05:09+08:00 ] ::1 /505/admin/index.php/Home/index/notice.html
INFO: [ app_init ] --START--
INFO: Run Behavior\BuildLiteBehavior [ RunTime:0.000010s ]
INFO: [ app_init ] --END-- [ RunTime:0.000383s ]
INFO: [ app_begin ] --START--
INFO: Run Behavior\ReadHtmlCacheBehavior [ RunTime:0.000499s ]
INFO: [ app_begin ] --END-- [ RunTime:0.000532s ]
SQL: SHOW COLUMNS FROM `notice` [ RunTime:0.0035s ]
SQL: SELECT * FROM `notice`  [ RunTime:0.0033s ]
INFO: [ view_parse ] --START--
NOTIC: [2] file_get_contents(./App/Home/View/Public/header.html): failed to open stream: No such file or directory F:\php\httpd-2.4.20-win64-VC14\Apache24\htdocs\505\thinkphp\Library\Think\Template.class.php 第 785 行.
NOTIC: [2] file_get_contents(./App/Home/View/Public/footer.html): failed to open stream: No such file or directory F:\php\httpd-2.4.20-win64-VC14\Apache24\htdocs\505\thinkphp\Library\Think\Template.class.php 第 785 行.
INFO: [ template_filter ] --START--
INFO: Run Behavior\ContentReplaceBehavior [ RunTime:0.000057s ]
INFO: [ template_filter ] --END-- [ RunTime:0.000086s ]
INFO: Run Behavior\ParseTemplateBehavior [ RunTime:0.007114s ]
INFO: [ view_parse ] --END-- [ RunTime:0.007147s ]
INFO: [ view_filter ] --START--
INFO: Run Behavior\WriteHtmlCacheBehavior [ RunTime:0.000502s ]
INFO: [ view_filter ] --END-- [ RunTime:0.000532s ]
INFO: [ app_end ] --START--
INFO: Run Behavior\ShowPageTraceBehavior [ RunTime:0.000643s ]
INFO: [ app_end ] --END-- [ RunTime:0.000678s ]

[ 2016-05-01T13:05:11+08:00 ] ::1 /505/admin/index.php/Home/Index/noticeedit/id/1.html
INFO: [ app_init ] --START--
INFO: Run Behavior\BuildLiteBehavior [ RunTime:0.000010s ]
INFO: [ app_init ] --END-- [ RunTime:0.000399s ]
INFO: [ app_begin ] --START--
INFO: Run Behavior\ReadHtmlCacheBehavior [ RunTime:0.000456s ]
INFO: [ app_begin ] --END-- [ RunTime:0.000488s ]
SQL: SHOW COLUMNS FROM `notice` [ RunTime:0.0034s ]
SQL: SELECT * FROM `notice` WHERE ( id=1 )  [ RunTime:0.0031s ]
INFO: [ view_parse ] --START--
NOTIC: [2] file_get_contents(./App/Home/View/Public/header.html): failed to open stream: No such file or directory F:\php\httpd-2.4.20-win64-VC14\Apache24\htdocs\505\thinkphp\Library\Think\Template.class.php 第 785 行.
NOTIC: [2] file_get_contents(./App/Home/View/Public/footer.html): failed to open stream: No such file or directory F:\php\httpd-2.4.20-win64-VC14\Apache24\htdocs\505\thinkphp\Library\Think\Template.class.php 第 785 行.
INFO: [ template_filter ] --START--
INFO: Run Behavior\ContentReplaceBehavior [ RunTime:0.000060s ]
INFO: [ template_filter ] --END-- [ RunTime:0.000092s ]
INFO: Run Behavior\ParseTemplateBehavior [ RunTime:0.006652s ]
INFO: [ view_parse ] --END-- [ RunTime:0.006685s ]
INFO: [ view_filter ] --START--
INFO: Run Behavior\WriteHtmlCacheBehavior [ RunTime:0.000422s ]
INFO: [ view_filter ] --END-- [ RunTime:0.000449s ]
INFO: [ view_parse ] --START--
NOTIC: [2] file_get_contents(./App/Home/View/Public/header.html): failed to open stream: No such file or directory F:\php\httpd-2.4.20-win64-VC14\Apache24\htdocs\505\thinkphp\Library\Think\Template.class.php 第 785 行.
NOTIC: [2] file_get_contents(./App/Home/View/Public/footer.html): failed to open stream: No such file or directory F:\php\httpd-2.4.20-win64-VC14\Apache24\htdocs\505\thinkphp\Library\Think\Template.class.php 第 785 行.
INFO: [ template_filter ] --START--
INFO: Run Behavior\ContentReplaceBehavior [ RunTime:0.000062s ]
INFO: [ template_filter ] --END-- [ RunTime:-0.004006s ]
INFO: Run Behavior\ParseTemplateBehavior [ RunTime:0.003830s ]
INFO: [ view_parse ] --END-- [ RunTime:-0.000740s ]
INFO: [ view_filter ] --START--
INFO: Run Behavior\WriteHtmlCacheBehavior [ RunTime:0.000008s ]
INFO: [ view_filter ] --END-- [ RunTime:-0.004155s ]
NOTIC: [2] Cannot modify header information - headers already sent by (output started at F:\php\httpd-2.4.20-win64-VC14\Apache24\htdocs\505\thinkphp\Library\Think\View.class.php:107) F:\php\httpd-2.4.20-win64-VC14\Apache24\htdocs\505\thinkphp\Library\Think\View.class.php 第 103 行.
NOTIC: [2] Cannot modify header information - headers already sent by (output started at F:\php\httpd-2.4.20-win64-VC14\Apache24\htdocs\505\thinkphp\Library\Think\View.class.php:107) F:\php\httpd-2.4.20-win64-VC14\Apache24\htdocs\505\thinkphp\Library\Think\View.class.php 第 104 行.
NOTIC: [2] Cannot modify header information - headers already sent by (output started at F:\php\httpd-2.4.20-win64-VC14\Apache24\htdocs\505\thinkphp\Library\Think\View.class.php:107) F:\php\httpd-2.4.20-win64-VC14\Apache24\htdocs\505\thinkphp\Library\Think\View.class.php 第 105 行.
INFO: [ app_end ] --START--
INFO: Run Behavior\ShowPageTraceBehavior [ RunTime:0.000677s ]
INFO: [ app_end ] --END-- [ RunTime:0.000712s ]

[ 2016-05-01T13:05:20+08:00 ] ::1 /505/admin/index.php/Home/Index/noticeedit/id/4.html
INFO: [ app_init ] --START--
INFO: Run Behavior\BuildLiteBehavior [ RunTime:0.000008s ]
INFO: [ app_init ] --END-- [ RunTime:0.000380s ]
INFO: [ app_begin ] --START--
INFO: Run Behavior\ReadHtmlCacheBehavior [ RunTime:0.000443s ]
INFO: [ app_begin ] --END-- [ RunTime:0.000476s ]
SQL: SHOW COLUMNS FROM `notice` [ RunTime:0.0034s ]
SQL: SELECT * FROM `notice` WHERE ( id=4 )  [ RunTime:0.0029s ]
INFO: [ view_parse ] --START--
NOTIC: [2] file_get_contents(./App/Home/View/Public/header.html): failed to open stream: No such file or directory F:\php\httpd-2.4.20-win64-VC14\Apache24\htdocs\505\thinkphp\Library\Think\Template.class.php 第 785 行.
NOTIC: [2] file_get_contents(./App/Home/View/Public/footer.html): failed to open stream: No such file or directory F:\php\httpd-2.4.20-win64-VC14\Apache24\htdocs\505\thinkphp\Library\Think\Template.class.php 第 785 行.
INFO: [ template_filter ] --START--
INFO: Run Behavior\ContentReplaceBehavior [ RunTime:0.000059s ]
INFO: [ template_filter ] --END-- [ RunTime:0.000089s ]
INFO: Run Behavior\ParseTemplateBehavior [ RunTime:0.006601s ]
INFO: [ view_parse ] --END-- [ RunTime:0.006634s ]
INFO: [ view_filter ] --START--
INFO: Run Behavior\WriteHtmlCacheBehavior [ RunTime:0.000446s ]
INFO: [ view_filter ] --END-- [ RunTime:0.000474s ]
INFO: [ view_parse ] --START--
NOTIC: [2] file_get_contents(./App/Home/View/Public/header.html): failed to open stream: No such file or directory F:\php\httpd-2.4.20-win64-VC14\Apache24\htdocs\505\thinkphp\Library\Think\Template.class.php 第 785 行.
NOTIC: [2] file_get_contents(./App/Home/View/Public/footer.html): failed to open stream: No such file or directory F:\php\httpd-2.4.20-win64-VC14\Apache24\htdocs\505\thinkphp\Library\Think\Template.class.php 第 785 行.
INFO: [ template_filter ] --START--
INFO: Run Behavior\ContentReplaceBehavior [ RunTime:0.000055s ]
INFO: [ template_filter ] --END-- [ RunTime:-0.003853s ]
INFO: Run Behavior\ParseTemplateBehavior [ RunTime:0.003157s ]
INFO: [ view_parse ] --END-- [ RunTime:-0.000791s ]
INFO: [ view_filter ] --START--
INFO: Run Behavior\WriteHtmlCacheBehavior [ RunTime:0.000011s ]
INFO: [ view_filter ] --END-- [ RunTime:-0.003522s ]
NOTIC: [2] Cannot modify header information - headers already sent by (output started at F:\php\httpd-2.4.20-win64-VC14\Apache24\htdocs\505\thinkphp\Library\Think\View.class.php:107) F:\php\httpd-2.4.20-win64-VC14\Apache24\htdocs\505\thinkphp\Library\Think\View.class.php 第 103 行.
NOTIC: [2] Cannot modify header information - headers already sent by (output started at F:\php\httpd-2.4.20-win64-VC14\Apache24\htdocs\505\thinkphp\Library\Think\View.class.php:107) F:\php\httpd-2.4.20-win64-VC14\Apache24\htdocs\505\thinkphp\Library\Think\View.class.php 第 104 行.
NOTIC: [2] Cannot modify header information - headers already sent by (output started at F:\php\httpd-2.4.20-win64-VC14\Apache24\htdocs\505\thinkphp\Library\Think\View.class.php:107) F:\php\httpd-2.4.20-win64-VC14\Apache24\htdocs\505\thinkphp\Library\Think\View.class.php 第 105 行.
INFO: [ app_end ] --START--
INFO: Run Behavior\ShowPageTraceBehavior [ RunTime:0.000666s ]
INFO: [ app_end ] --END-- [ RunTime:0.000700s ]

[ 2016-05-01T13:05:29+08:00 ] ::1 /505/admin/index.php/Home/Index/noticeedit/id/3.html
INFO: [ app_init ] --START--
INFO: Run Behavior\BuildLiteBehavior [ RunTime:0.000010s ]
INFO: [ app_init ] --END-- [ RunTime:0.000441s ]
INFO: [ app_begin ] --START--
INFO: Run Behavior\ReadHtmlCacheBehavior [ RunTime:0.000589s ]
INFO: [ app_begin ] --END-- [ RunTime:0.000638s ]
SQL: SHOW COLUMNS FROM `notice` [ RunTime:0.0040s ]
SQL: SELECT * FROM `notice` WHERE ( id=3 )  [ RunTime:0.0033s ]
INFO: [ view_parse ] --START--
NOTIC: [2] file_get_contents(./App/Home/View/Public/header.html): failed to open stream: No such file or directory F:\php\httpd-2.4.20-win64-VC14\Apache24\htdocs\505\thinkphp\Library\Think\Template.class.php 第 785 行.
NOTIC: [2] file_get_contents(./App/Home/View/Public/footer.html): failed to open stream: No such file or directory F:\php\httpd-2.4.20-win64-VC14\Apache24\htdocs\505\thinkphp\Library\Think\Template.class.php 第 785 行.
INFO: [ template_filter ] --START--
INFO: Run Behavior\ContentReplaceBehavior [ RunTime:0.000057s ]
INFO: [ template_filter ] --END-- [ RunTime:0.000087s ]
INFO: Run Behavior\ParseTemplateBehavior [ RunTime:0.006665s ]
INFO: [ view_parse ] --END-- [ RunTime:0.006698s ]
INFO: [ view_filter ] --START--
INFO: Run Behavior\WriteHtmlCacheBehavior [ RunTime:0.000489s ]
INFO: [ view_filter ] --END-- [ RunTime:0.000517s ]
INFO: [ view_parse ] --START--
NOTIC: [2] file_get_contents(./App/Home/View/Public/header.html): failed to open stream: No such file or directory F:\php\httpd-2.4.20-win64-VC14\Apache24\htdocs\505\thinkphp\Library\Think\Template.class.php 第 785 行.
NOTIC: [2] file_get_contents(./App/Home/View/Public/footer.html): failed to open stream: No such file or directory F:\php\httpd-2.4.20-win64-VC14\Apache24\htdocs\505\thinkphp\Library\Think\Template.class.php 第 785 行.
INFO: [ template_filter ] --START--
INFO: Run Behavior\ContentReplaceBehavior [ RunTime:0.000068s ]
INFO: [ template_filter ] --END-- [ RunTime:-0.004114s ]
INFO: Run Behavior\ParseTemplateBehavior [ RunTime:0.003553s ]
INFO: [ view_parse ] --END-- [ RunTime:-0.000810s ]
INFO: [ view_filter ] --START--
INFO: Run Behavior\WriteHtmlCacheBehavior [ RunTime:0.000008s ]
INFO: [ view_filter ] --END-- [ RunTime:-0.003883s ]
NOTIC: [2] Cannot modify header information - headers already sent by (output started at F:\php\httpd-2.4.20-win64-VC14\Apache24\htdocs\505\thinkphp\Library\Think\View.class.php:107) F:\php\httpd-2.4.20-win64-VC14\Apache24\htdocs\505\thinkphp\Library\Think\View.class.php 第 103 行.
NOTIC: [2] Cannot modify header information - headers already sent by (output started at F:\php\httpd-2.4.20-win64-VC14\Apache24\htdocs\505\thinkphp\Library\Think\View.class.php:107) F:\php\httpd-2.4.20-win64-VC14\Apache24\htdocs\505\thinkphp\Library\Think\View.class.php 第 104 行.
NOTIC: [2] Cannot modify header information - headers already sent by (output started at F:\php\httpd-2.4.20-win64-VC14\Apache24\htdocs\505\thinkphp\Library\Think\View.class.php:107) F:\php\httpd-2.4.20-win64-VC14\Apache24\htdocs\505\thinkphp\Library\Think\View.class.php 第 105 行.
INFO: [ app_end ] --START--
INFO: Run Behavior\ShowPageTraceBehavior [ RunTime:0.000691s ]
INFO: [ app_end ] --END-- [ RunTime:0.000724s ]

[ 2016-05-01T13:05:37+08:00 ] ::1 /505/admin/index.php/Home/Index/noticeedit/id/3.html
INFO: [ app_init ] --START--
INFO: Run Behavior\BuildLiteBehavior [ RunTime:0.000015s ]
INFO: [ app_init ] --END-- [ RunTime:0.000414s ]
INFO: [ app_begin ] --START--
INFO: Run Behavior\ReadHtmlCacheBehavior [ RunTime:0.000468s ]
INFO: [ app_begin ] --END-- [ RunTime:0.000501s ]
SQL: SHOW COLUMNS FROM `notice` [ RunTime:0.0037s ]
SQL: SELECT * FROM `notice` WHERE ( id=3 )  [ RunTime:0.0030s ]
INFO: [ view_parse ] --START--
NOTIC: [2] file_get_contents(./App/Home/View/Public/header.html): failed to open stream: No such file or directory F:\php\httpd-2.4.20-win64-VC14\Apache24\htdocs\505\thinkphp\Library\Think\Template.class.php 第 785 行.
NOTIC: [2] file_get_contents(./App/Home/View/Public/footer.html): failed to open stream: No such file or directory F:\php\httpd-2.4.20-win64-VC14\Apache24\htdocs\505\thinkphp\Library\Think\Template.class.php 第 785 行.
INFO: [ template_filter ] --START--
INFO: Run Behavior\ContentReplaceBehavior [ RunTime:0.000058s ]
INFO: [ template_filter ] --END-- [ RunTime:0.000088s ]
INFO: Run Behavior\ParseTemplateBehavior [ RunTime:0.006174s ]
INFO: [ view_parse ] --END-- [ RunTime:0.006201s ]
INFO: [ view_filter ] --START--
INFO: Run Behavior\WriteHtmlCacheBehavior [ RunTime:0.000326s ]
INFO: [ view_filter ] --END-- [ RunTime:0.000347s ]
INFO: [ view_parse ] --START--
NOTIC: [2] file_get_contents(./App/Home/View/Public/header.html): failed to open stream: No such file or directory F:\php\httpd-2.4.20-win64-VC14\Apache24\htdocs\505\thinkphp\Library\Think\Template.class.php 第 785 行.
NOTIC: [2] file_get_contents(./App/Home/View/Public/footer.html): failed to open stream: No such file or directory F:\php\httpd-2.4.20-win64-VC14\Apache24\htdocs\505\thinkphp\Library\Think\Template.class.php 第 785 行.
INFO: [ template_filter ] --START--
INFO: Run Behavior\ContentReplaceBehavior [ RunTime:0.000044s ]
INFO: [ template_filter ] --END-- [ RunTime:-0.003061s ]
INFO: Run Behavior\ParseTemplateBehavior [ RunTime:0.002510s ]
INFO: [ view_parse ] --END-- [ RunTime:-0.000590s ]
INFO: [ view_filter ] --START--
INFO: Run Behavior\WriteHtmlCacheBehavior [ RunTime:0.000007s ]
INFO: [ view_filter ] --END-- [ RunTime:-0.002784s ]
NOTIC: [2] Cannot modify header information - headers already sent by (output started at F:\php\httpd-2.4.20-win64-VC14\Apache24\htdocs\505\thinkphp\Library\Think\View.class.php:107) F:\php\httpd-2.4.20-win64-VC14\Apache24\htdocs\505\thinkphp\Library\Think\View.class.php 第 103 行.
NOTIC: [2] Cannot modify header information - headers already sent by (output started at F:\php\httpd-2.4.20-win64-VC14\Apache24\htdocs\505\thinkphp\Library\Think\View.class.php:107) F:\php\httpd-2.4.20-win64-VC14\Apache24\htdocs\505\thinkphp\Library\Think\View.class.php 第 104 行.
NOTIC: [2] Cannot modify header information - headers already sent by (output started at F:\php\httpd-2.4.20-win64-VC14\Apache24\htdocs\505\thinkphp\Library\Think\View.class.php:107) F:\php\httpd-2.4.20-win64-VC14\Apache24\htdocs\505\thinkphp\Library\Think\View.class.php 第 105 行.
INFO: [ app_end ] --START--
INFO: Run Behavior\ShowPageTraceBehavior [ RunTime:0.000569s ]
INFO: [ app_end ] --END-- [ RunTime:0.000598s ]

[ 2016-05-01T13:05:41+08:00 ] ::1 /505/admin/index.php/Home/Index/noticeedit/id/3.html
INFO: [ app_init ] --START--
INFO: Run Behavior\BuildLiteBehavior [ RunTime:0.000009s ]
INFO: [ app_init ] --END-- [ RunTime:0.000403s ]
INFO: [ app_begin ] --START--
INFO: Run Behavior\ReadHtmlCacheBehavior [ RunTime:0.000653s ]
INFO: [ app_begin ] --END-- [ RunTime:0.000694s ]
SQL: SHOW COLUMNS FROM `notice` [ RunTime:0.0035s ]
SQL: SELECT * FROM `notice` WHERE ( id=3 )  [ RunTime:0.0031s ]
INFO: [ view_parse ] --START--
NOTIC: [2] file_get_contents(./App/Home/View/Public/header.html): failed to open stream: No such file or directory F:\php\httpd-2.4.20-win64-VC14\Apache24\htdocs\505\thinkphp\Library\Think\Template.class.php 第 785 行.
NOTIC: [2] file_get_contents(./App/Home/View/Public/footer.html): failed to open stream: No such file or directory F:\php\httpd-2.4.20-win64-VC14\Apache24\htdocs\505\thinkphp\Library\Think\Template.class.php 第 785 行.
INFO: [ template_filter ] --START--
INFO: Run Behavior\ContentReplaceBehavior [ RunTime:0.000061s ]
INFO: [ template_filter ] --END-- [ RunTime:0.000095s ]
INFO: Run Behavior\ParseTemplateBehavior [ RunTime:0.006473s ]
INFO: [ view_parse ] --END-- [ RunTime:0.006507s ]
INFO: [ view_filter ] --START--
INFO: Run Behavior\WriteHtmlCacheBehavior [ RunTime:0.000475s ]
INFO: [ view_filter ] --END-- [ RunTime:0.000505s ]
SQL: UPDATE `notice` SET `title`='滴答滴答滴答',`content`='滴答滴答滴答滴答滴答答2221' WHERE `id` = 3 [ RunTime:0.0584s ]
INFO: [ view_parse ] --START--
NOTIC: [2] file_get_contents(./App/Home/View/Public/header.html): failed to open stream: No such file or directory F:\php\httpd-2.4.20-win64-VC14\Apache24\htdocs\505\thinkphp\Library\Think\Template.class.php 第 785 行.
NOTIC: [2] file_get_contents(./App/Home/View/Public/footer.html): failed to open stream: No such file or directory F:\php\httpd-2.4.20-win64-VC14\Apache24\htdocs\505\thinkphp\Library\Think\Template.class.php 第 785 行.
INFO: [ template_filter ] --START--
INFO: Run Behavior\ContentReplaceBehavior [ RunTime:0.000216s ]
INFO: [ template_filter ] --END-- [ RunTime:-0.074987s ]
INFO: Run Behavior\ParseTemplateBehavior [ RunTime:0.012557s ]
INFO: [ view_parse ] --END-- [ RunTime:-0.067052s ]
INFO: [ view_filter ] --START--
INFO: Run Behavior\WriteHtmlCacheBehavior [ RunTime:0.000031s ]
INFO: [ view_filter ] --END-- [ RunTime:-0.079321s ]
NOTIC: [2] Cannot modify header information - headers already sent by (output started at F:\php\httpd-2.4.20-win64-VC14\Apache24\htdocs\505\thinkphp\Library\Think\View.class.php:107) F:\php\httpd-2.4.20-win64-VC14\Apache24\htdocs\505\thinkphp\Library\Think\View.class.php 第 103 行.
NOTIC: [2] Cannot modify header information - headers already sent by (output started at F:\php\httpd-2.4.20-win64-VC14\Apache24\htdocs\505\thinkphp\Library\Think\View.class.php:107) F:\php\httpd-2.4.20-win64-VC14\Apache24\htdocs\505\thinkphp\Library\Think\View.class.php 第 104 行.
NOTIC: [2] Cannot modify header information - headers already sent by (output started at F:\php\httpd-2.4.20-win64-VC14\Apache24\htdocs\505\thinkphp\Library\Think\View.class.php:107) F:\php\httpd-2.4.20-win64-VC14\Apache24\htdocs\505\thinkphp\Library\Think\View.class.php 第 105 行.
INFO: [ app_end ] --START--
INFO: Run Behavior\ShowPageTraceBehavior [ RunTime:0.001873s ]
INFO: [ app_end ] --END-- [ RunTime:0.001989s ]

[ 2016-05-01T13:05:42+08:00 ] ::1 /505/admin/index.php/Home/Index/noticeedit/id/3.html
INFO: [ app_init ] --START--
INFO: Run Behavior\BuildLiteBehavior [ RunTime:0.000011s ]
INFO: [ app_init ] --END-- [ RunTime:0.000436s ]
INFO: [ app_begin ] --START--
INFO: Run Behavior\ReadHtmlCacheBehavior [ RunTime:0.000836s ]
INFO: [ app_begin ] --END-- [ RunTime:0.000890s ]
SQL: SHOW COLUMNS FROM `notice` [ RunTime:0.0034s ]
SQL: SELECT * FROM `notice` WHERE ( id=3 )  [ RunTime:0.0031s ]
INFO: [ view_parse ] --START--
NOTIC: [2] file_get_contents(./App/Home/View/Public/header.html): failed to open stream: No such file or directory F:\php\httpd-2.4.20-win64-VC14\Apache24\htdocs\505\thinkphp\Library\Think\Template.class.php 第 785 行.
NOTIC: [2] file_get_contents(./App/Home/View/Public/footer.html): failed to open stream: No such file or directory F:\php\httpd-2.4.20-win64-VC14\Apache24\htdocs\505\thinkphp\Library\Think\Template.class.php 第 785 行.
INFO: [ template_filter ] --START--
INFO: Run Behavior\ContentReplaceBehavior [ RunTime:0.000060s ]
INFO: [ template_filter ] --END-- [ RunTime:0.000090s ]
INFO: Run Behavior\ParseTemplateBehavior [ RunTime:0.006677s ]
INFO: [ view_parse ] --END-- [ RunTime:0.006729s ]
INFO: [ view_filter ] --START--
INFO: Run Behavior\WriteHtmlCacheBehavior [ RunTime:0.000527s ]
INFO: [ view_filter ] --END-- [ RunTime:0.000555s ]
INFO: [ view_parse ] --START--
NOTIC: [2] file_get_contents(./App/Home/View/Public/header.html): failed to open stream: No such file or directory F:\php\httpd-2.4.20-win64-VC14\Apache24\htdocs\505\thinkphp\Library\Think\Template.class.php 第 785 行.
NOTIC: [2] file_get_contents(./App/Home/View/Public/footer.html): failed to open stream: No such file or directory F:\php\httpd-2.4.20-win64-VC14\Apache24\htdocs\505\thinkphp\Library\Think\Template.class.php 第 785 行.
INFO: [ template_filter ] --START--
INFO: Run Behavior\ContentReplaceBehavior [ RunTime:0.000053s ]
INFO: [ template_filter ] --END-- [ RunTime:-0.003861s ]
INFO: Run Behavior\ParseTemplateBehavior [ RunTime:0.003069s ]
INFO: [ view_parse ] --END-- [ RunTime:-0.000851s ]
INFO: [ view_filter ] --START--
INFO: Run Behavior\WriteHtmlCacheBehavior [ RunTime:0.000007s ]
INFO: [ view_filter ] --END-- [ RunTime:-0.003397s ]
NOTIC: [2] Cannot modify header information - headers already sent by (output started at F:\php\httpd-2.4.20-win64-VC14\Apache24\htdocs\505\thinkphp\Library\Think\View.class.php:107) F:\php\httpd-2.4.20-win64-VC14\Apache24\htdocs\505\thinkphp\Library\Think\View.class.php 第 103 行.
NOTIC: [2] Cannot modify header information - headers already sent by (output started at F:\php\httpd-2.4.20-win64-VC14\Apache24\htdocs\505\thinkphp\Library\Think\View.class.php:107) F:\php\httpd-2.4.20-win64-VC14\Apache24\htdocs\505\thinkphp\Library\Think\View.class.php 第 104 行.
NOTIC: [2] Cannot modify header information - headers already sent by (output started at F:\php\httpd-2.4.20-win64-VC14\Apache24\htdocs\505\thinkphp\Library\Think\View.class.php:107) F:\php\httpd-2.4.20-win64-VC14\Apache24\htdocs\505\thinkphp\Library\Think\View.class.php 第 105 行.
INFO: [ app_end ] --START--
INFO: Run Behavior\ShowPageTraceBehavior [ RunTime:0.000680s ]
INFO: [ app_end ] --END-- [ RunTime:0.000718s ]

[ 2016-05-01T13:05:50+08:00 ] ::1 /505/admin/index.php/Home/Index/noticeedit/id/3.html
INFO: [ app_init ] --START--
INFO: Run Behavior\BuildLiteBehavior [ RunTime:0.000014s ]
INFO: [ app_init ] --END-- [ RunTime:0.000541s ]
INFO: [ app_begin ] --START--
INFO: Run Behavior\ReadHtmlCacheBehavior [ RunTime:0.000504s ]
INFO: [ app_begin ] --END-- [ RunTime:0.000551s ]
SQL: SHOW COLUMNS FROM `notice` [ RunTime:0.0052s ]
SQL: SELECT * FROM `notice` WHERE ( id=3 )  [ RunTime:0.0031s ]
INFO: [ view_parse ] --START--
NOTIC: [2] file_get_contents(./App/Home/View/Public/header.html): failed to open stream: No such file or directory F:\php\httpd-2.4.20-win64-VC14\Apache24\htdocs\505\thinkphp\Library\Think\Template.class.php 第 785 行.
NOTIC: [2] file_get_contents(./App/Home/View/Public/footer.html): failed to open stream: No such file or directory F:\php\httpd-2.4.20-win64-VC14\Apache24\htdocs\505\thinkphp\Library\Think\Template.class.php 第 785 行.
INFO: [ template_filter ] --START--
INFO: Run Behavior\ContentReplaceBehavior [ RunTime:0.000046s ]
INFO: [ template_filter ] --END-- [ RunTime:0.000074s ]
INFO: Run Behavior\ParseTemplateBehavior [ RunTime:0.005520s ]
INFO: [ view_parse ] --END-- [ RunTime:0.005554s ]
INFO: [ view_filter ] --START--
INFO: Run Behavior\WriteHtmlCacheBehavior [ RunTime:0.000389s ]
INFO: [ view_filter ] --END-- [ RunTime:0.000415s ]
INFO: [ view_parse ] --START--
NOTIC: [2] file_get_contents(./App/Home/View/Public/header.html): failed to open stream: No such file or directory F:\php\httpd-2.4.20-win64-VC14\Apache24\htdocs\505\thinkphp\Library\Think\Template.class.php 第 785 行.
NOTIC: [2] file_get_contents(./App/Home/View/Public/footer.html): failed to open stream: No such file or directory F:\php\httpd-2.4.20-win64-VC14\Apache24\htdocs\505\thinkphp\Library\Think\Template.class.php 第 785 行.
INFO: [ template_filter ] --START--
INFO: Run Behavior\ContentReplaceBehavior [ RunTime:0.000075s ]
INFO: [ template_filter ] --END-- [ RunTime:-0.003701s ]
INFO: Run Behavior\ParseTemplateBehavior [ RunTime:0.004239s ]
INFO: [ view_parse ] --END-- [ RunTime:-0.000721s ]
INFO: [ view_filter ] --START--
INFO: Run Behavior\WriteHtmlCacheBehavior [ RunTime:0.000008s ]
INFO: [ view_filter ] --END-- [ RunTime:-0.004584s ]
NOTIC: [2] Cannot modify header information - headers already sent by (output started at F:\php\httpd-2.4.20-win64-VC14\Apache24\htdocs\505\thinkphp\Library\Think\View.class.php:107) F:\php\httpd-2.4.20-win64-VC14\Apache24\htdocs\505\thinkphp\Library\Think\View.class.php 第 103 行.
NOTIC: [2] Cannot modify header information - headers already sent by (output started at F:\php\httpd-2.4.20-win64-VC14\Apache24\htdocs\505\thinkphp\Library\Think\View.class.php:107) F:\php\httpd-2.4.20-win64-VC14\Apache24\htdocs\505\thinkphp\Library\Think\View.class.php 第 104 行.
NOTIC: [2] Cannot modify header information - headers already sent by (output started at F:\php\httpd-2.4.20-win64-VC14\Apache24\htdocs\505\thinkphp\Library\Think\View.class.php:107) F:\php\httpd-2.4.20-win64-VC14\Apache24\htdocs\505\thinkphp\Library\Think\View.class.php 第 105 行.
INFO: [ app_end ] --START--
INFO: Run Behavior\ShowPageTraceBehavior [ RunTime:0.000759s ]
INFO: [ app_end ] --END-- [ RunTime:0.000804s ]

[ 2016-05-01T13:05:53+08:00 ] ::1 /505/admin/index.php/Home/Index/noticeedit/id/3.html
INFO: [ app_init ] --START--
INFO: Run Behavior\BuildLiteBehavior [ RunTime:0.000035s ]
INFO: [ app_init ] --END-- [ RunTime:0.000818s ]
INFO: [ app_begin ] --START--
INFO: Run Behavior\ReadHtmlCacheBehavior [ RunTime:0.000676s ]
INFO: [ app_begin ] --END-- [ RunTime:0.000764s ]
SQL: SHOW COLUMNS FROM `notice` [ RunTime:0.0045s ]
SQL: SELECT * FROM `notice` WHERE ( id=3 )  [ RunTime:0.0030s ]
INFO: [ view_parse ] --START--
NOTIC: [2] file_get_contents(./App/Home/View/Public/header.html): failed to open stream: No such file or directory F:\php\httpd-2.4.20-win64-VC14\Apache24\htdocs\505\thinkphp\Library\Think\Template.class.php 第 785 行.
NOTIC: [2] file_get_contents(./App/Home/View/Public/footer.html): failed to open stream: No such file or directory F:\php\httpd-2.4.20-win64-VC14\Apache24\htdocs\505\thinkphp\Library\Think\Template.class.php 第 785 行.
INFO: [ template_filter ] --START--
INFO: Run Behavior\ContentReplaceBehavior [ RunTime:0.000070s ]
INFO: [ template_filter ] --END-- [ RunTime:0.000112s ]
INFO: Run Behavior\ParseTemplateBehavior [ RunTime:0.006737s ]
INFO: [ view_parse ] --END-- [ RunTime:0.006780s ]
INFO: [ view_filter ] --START--
INFO: Run Behavior\WriteHtmlCacheBehavior [ RunTime:0.000627s ]
INFO: [ view_filter ] --END-- [ RunTime:0.000661s ]
SQL: UPDATE `notice` SET `title`='滴答滴答滴答',`content`='滴答滴答滴答滴答滴答答222112' WHERE `id` = 3 [ RunTime:0.0091s ]
INFO: [ view_parse ] --START--
NOTIC: [2] file_get_contents(./App/Home/View/Public/header.html): failed to open stream: No such file or directory F:\php\httpd-2.4.20-win64-VC14\Apache24\htdocs\505\thinkphp\Library\Think\Template.class.php 第 785 行.
NOTIC: [2] file_get_contents(./App/Home/View/Public/footer.html): failed to open stream: No such file or directory F:\php\httpd-2.4.20-win64-VC14\Apache24\htdocs\505\thinkphp\Library\Think\Template.class.php 第 785 行.
INFO: [ template_filter ] --START--
INFO: Run Behavior\ContentReplaceBehavior [ RunTime:0.000043s ]
INFO: [ template_filter ] --END-- [ RunTime:-0.014805s ]
INFO: Run Behavior\ParseTemplateBehavior [ RunTime:0.002743s ]
INFO: [ view_parse ] --END-- [ RunTime:-0.010749s ]
INFO: [ view_filter ] --START--
INFO: Run Behavior\WriteHtmlCacheBehavior [ RunTime:0.000006s ]
INFO: [ view_filter ] --END-- [ RunTime:-0.012867s ]
NOTIC: [2] Cannot modify header information - headers already sent by (output started at F:\php\httpd-2.4.20-win64-VC14\Apache24\htdocs\505\thinkphp\Library\Think\View.class.php:107) F:\php\httpd-2.4.20-win64-VC14\Apache24\htdocs\505\thinkphp\Library\Think\View.class.php 第 103 行.
NOTIC: [2] Cannot modify header information - headers already sent by (output started at F:\php\httpd-2.4.20-win64-VC14\Apache24\htdocs\505\thinkphp\Library\Think\View.class.php:107) F:\php\httpd-2.4.20-win64-VC14\Apache24\htdocs\505\thinkphp\Library\Think\View.class.php 第 104 行.
NOTIC: [2] Cannot modify header information - headers already sent by (output started at F:\php\httpd-2.4.20-win64-VC14\Apache24\htdocs\505\thinkphp\Library\Think\View.class.php:107) F:\php\httpd-2.4.20-win64-VC14\Apache24\htdocs\505\thinkphp\Library\Think\View.class.php 第 105 行.
INFO: [ app_end ] --START--
INFO: Run Behavior\ShowPageTraceBehavior [ RunTime:0.000575s ]
INFO: [ app_end ] --END-- [ RunTime:0.000602s ]

[ 2016-05-01T13:05:54+08:00 ] ::1 /505/admin/index.php/Home/Index/noticeedit/id/3.html
INFO: [ app_init ] --START--
INFO: Run Behavior\BuildLiteBehavior [ RunTime:0.000010s ]
INFO: [ app_init ] --END-- [ RunTime:0.000344s ]
INFO: [ app_begin ] --START--
INFO: Run Behavior\ReadHtmlCacheBehavior [ RunTime:0.000381s ]
INFO: [ app_begin ] --END-- [ RunTime:0.000408s ]
SQL: SHOW COLUMNS FROM `notice` [ RunTime:0.0043s ]
SQL: SELECT * FROM `notice` WHERE ( id=3 )  [ RunTime:0.0028s ]
INFO: [ view_parse ] --START--
NOTIC: [2] file_get_contents(./App/Home/View/Public/header.html): failed to open stream: No such file or directory F:\php\httpd-2.4.20-win64-VC14\Apache24\htdocs\505\thinkphp\Library\Think\Template.class.php 第 785 行.
NOTIC: [2] file_get_contents(./App/Home/View/Public/footer.html): failed to open stream: No such file or directory F:\php\httpd-2.4.20-win64-VC14\Apache24\htdocs\505\thinkphp\Library\Think\Template.class.php 第 785 行.
INFO: [ template_filter ] --START--
INFO: Run Behavior\ContentReplaceBehavior [ RunTime:0.000046s ]
INFO: [ template_filter ] --END-- [ RunTime:0.000069s ]
INFO: Run Behavior\ParseTemplateBehavior [ RunTime:0.005517s ]
INFO: [ view_parse ] --END-- [ RunTime:0.005551s ]
INFO: [ view_filter ] --START--
INFO: Run Behavior\WriteHtmlCacheBehavior [ RunTime:0.000406s ]
INFO: [ view_filter ] --END-- [ RunTime:0.000433s ]
INFO: [ view_parse ] --START--
NOTIC: [2] file_get_contents(./App/Home/View/Public/header.html): failed to open stream: No such file or directory F:\php\httpd-2.4.20-win64-VC14\Apache24\htdocs\505\thinkphp\Library\Think\Template.class.php 第 785 行.
NOTIC: [2] file_get_contents(./App/Home/View/Public/footer.html): failed to open stream: No such file or directory F:\php\httpd-2.4.20-win64-VC14\Apache24\htdocs\505\thinkphp\Library\Think\Template.class.php 第 785 行.
INFO: [ template_filter ] --START--
INFO: Run Behavior\ContentReplaceBehavior [ RunTime:0.000042s ]
INFO: [ template_filter ] --END-- [ RunTime:-0.003154s ]
INFO: Run Behavior\ParseTemplateBehavior [ RunTime:0.002431s ]
INFO: [ view_parse ] --END-- [ RunTime:-0.000695s ]
INFO: [ view_filter ] --START--
INFO: Run Behavior\WriteHtmlCacheBehavior [ RunTime:0.000006s ]
INFO: [ view_filter ] --END-- [ RunTime:-0.002713s ]
NOTIC: [2] Cannot modify header information - headers already sent by (output started at F:\php\httpd-2.4.20-win64-VC14\Apache24\htdocs\505\thinkphp\Library\Think\View.class.php:107) F:\php\httpd-2.4.20-win64-VC14\Apache24\htdocs\505\thinkphp\Library\Think\View.class.php 第 103 行.
NOTIC: [2] Cannot modify header information - headers already sent by (output started at F:\php\httpd-2.4.20-win64-VC14\Apache24\htdocs\505\thinkphp\Library\Think\View.class.php:107) F:\php\httpd-2.4.20-win64-VC14\Apache24\htdocs\505\thinkphp\Library\Think\View.class.php 第 104 行.
NOTIC: [2] Cannot modify header information - headers already sent by (output started at F:\php\httpd-2.4.20-win64-VC14\Apache24\htdocs\505\thinkphp\Library\Think\View.class.php:107) F:\php\httpd-2.4.20-win64-VC14\Apache24\htdocs\505\thinkphp\Library\Think\View.class.php 第 105 行.
INFO: [ app_end ] --START--
INFO: Run Behavior\ShowPageTraceBehavior [ RunTime:0.000511s ]
INFO: [ app_end ] --END-- [ RunTime:0.000536s ]

[ 2016-05-01T13:05:57+08:00 ] ::1 /505/admin/index.php/Home/index/notice.html
INFO: [ app_init ] --START--
INFO: Run Behavior\BuildLiteBehavior [ RunTime:0.000029s ]
INFO: [ app_init ] --END-- [ RunTime:0.000757s ]
INFO: [ app_begin ] --START--
INFO: Run Behavior\ReadHtmlCacheBehavior [ RunTime:0.000987s ]
INFO: [ app_begin ] --END-- [ RunTime:0.001078s ]
SQL: SHOW COLUMNS FROM `notice` [ RunTime:0.0048s ]
SQL: SELECT * FROM `notice`  [ RunTime:0.0033s ]
INFO: [ view_parse ] --START--
NOTIC: [2] file_get_contents(./App/Home/View/Public/header.html): failed to open stream: No such file or directory F:\php\httpd-2.4.20-win64-VC14\Apache24\htdocs\505\thinkphp\Library\Think\Template.class.php 第 785 行.
NOTIC: [2] file_get_contents(./App/Home/View/Public/footer.html): failed to open stream: No such file or directory F:\php\httpd-2.4.20-win64-VC14\Apache24\htdocs\505\thinkphp\Library\Think\Template.class.php 第 785 行.
INFO: [ template_filter ] --START--
INFO: Run Behavior\ContentReplaceBehavior [ RunTime:0.000101s ]
INFO: [ template_filter ] --END-- [ RunTime:0.000173s ]
INFO: Run Behavior\ParseTemplateBehavior [ RunTime:0.007353s ]
INFO: [ view_parse ] --END-- [ RunTime:0.007402s ]
INFO: [ view_filter ] --START--
INFO: Run Behavior\WriteHtmlCacheBehavior [ RunTime:0.000523s ]
INFO: [ view_filter ] --END-- [ RunTime:0.000553s ]
INFO: [ app_end ] --START--
INFO: Run Behavior\ShowPageTraceBehavior [ RunTime:0.000953s ]
INFO: [ app_end ] --END-- [ RunTime:0.001003s ]

[ 2016-05-01T13:05:58+08:00 ] ::1 /505/admin/index.php/Home/index/order.html
INFO: [ app_init ] --START--
INFO: Run Behavior\BuildLiteBehavior [ RunTime:0.000008s ]
INFO: [ app_init ] --END-- [ RunTime:0.000474s ]
INFO: [ app_begin ] --START--
INFO: Run Behavior\ReadHtmlCacheBehavior [ RunTime:0.000511s ]
INFO: [ app_begin ] --END-- [ RunTime:0.000547s ]
SQL: SHOW COLUMNS FROM `order` [ RunTime:0.0035s ]
SQL: SELECT * FROM `order` ORDER BY `id` desc  [ RunTime:0.0030s ]
SQL: SHOW COLUMNS FROM `users` [ RunTime:0.0033s ]
SQL: SELECT * FROM `users`  [ RunTime:0.0033s ]
SQL: SHOW COLUMNS FROM `goodstype` [ RunTime:0.0034s ]
SQL: SELECT * FROM `goodstype`  [ RunTime:0.0028s ]
SQL: SHOW COLUMNS FROM `goods` [ RunTime:0.0031s ]
SQL: SELECT * FROM `goods`  [ RunTime:0.0029s ]
INFO: [ view_parse ] --START--
NOTIC: [2] file_get_contents(./App/Home/View/Public/header.html): failed to open stream: No such file or directory F:\php\httpd-2.4.20-win64-VC14\Apache24\htdocs\505\thinkphp\Library\Think\Template.class.php 第 785 行.
NOTIC: [2] file_get_contents(./App/Home/View/Public/footer.html): failed to open stream: No such file or directory F:\php\httpd-2.4.20-win64-VC14\Apache24\htdocs\505\thinkphp\Library\Think\Template.class.php 第 785 行.
INFO: [ template_filter ] --START--
INFO: Run Behavior\ContentReplaceBehavior [ RunTime:0.000065s ]
INFO: [ template_filter ] --END-- [ RunTime:0.000096s ]

[ 2016-05-01T13:06:00+08:00 ] ::1 /505/admin/index.php/Home/index/notice.html
INFO: [ app_init ] --START--
INFO: Run Behavior\BuildLiteBehavior [ RunTime:0.000010s ]
INFO: [ app_init ] --END-- [ RunTime:0.000432s ]
INFO: [ app_begin ] --START--
INFO: Run Behavior\ReadHtmlCacheBehavior [ RunTime:0.000502s ]
INFO: [ app_begin ] --END-- [ RunTime:0.000536s ]
SQL: SHOW COLUMNS FROM `notice` [ RunTime:0.0038s ]
SQL: SELECT * FROM `notice`  [ RunTime:0.0030s ]
INFO: [ view_parse ] --START--
NOTIC: [2] file_get_contents(./App/Home/View/Public/header.html): failed to open stream: No such file or directory F:\php\httpd-2.4.20-win64-VC14\Apache24\htdocs\505\thinkphp\Library\Think\Template.class.php 第 785 行.
NOTIC: [2] file_get_contents(./App/Home/View/Public/footer.html): failed to open stream: No such file or directory F:\php\httpd-2.4.20-win64-VC14\Apache24\htdocs\505\thinkphp\Library\Think\Template.class.php 第 785 行.
INFO: [ template_filter ] --START--
INFO: Run Behavior\ContentReplaceBehavior [ RunTime:0.000043s ]
INFO: [ template_filter ] --END-- [ RunTime:0.000066s ]
INFO: Run Behavior\ParseTemplateBehavior [ RunTime:0.006057s ]
INFO: [ view_parse ] --END-- [ RunTime:0.006084s ]
INFO: [ view_filter ] --START--
INFO: Run Behavior\WriteHtmlCacheBehavior [ RunTime:0.000395s ]
INFO: [ view_filter ] --END-- [ RunTime:0.000416s ]
INFO: [ app_end ] --START--
INFO: Run Behavior\ShowPageTraceBehavior [ RunTime:0.000626s ]
INFO: [ app_end ] --END-- [ RunTime:0.000663s ]

[ 2016-05-01T13:06:28+08:00 ] ::1 /505/admin/index.php/Home/index/users.html
INFO: [ app_init ] --START--
INFO: Run Behavior\BuildLiteBehavior [ RunTime:0.000011s ]
INFO: [ app_init ] --END-- [ RunTime:0.000486s ]
INFO: [ app_begin ] --START--
INFO: Run Behavior\ReadHtmlCacheBehavior [ RunTime:0.000536s ]
INFO: [ app_begin ] --END-- [ RunTime:0.000574s ]
SQL: SHOW COLUMNS FROM `users` [ RunTime:0.0038s ]
SQL: SELECT * FROM `users`  [ RunTime:0.0029s ]
INFO: [ view_parse ] --START--
NOTIC: [2] file_get_contents(./App/Home/View/Public/header.html): failed to open stream: No such file or directory F:\php\httpd-2.4.20-win64-VC14\Apache24\htdocs\505\thinkphp\Library\Think\Template.class.php 第 785 行.
NOTIC: [2] file_get_contents(./App/Home/View/Public/footer.html): failed to open stream: No such file or directory F:\php\httpd-2.4.20-win64-VC14\Apache24\htdocs\505\thinkphp\Library\Think\Template.class.php 第 785 行.
INFO: [ template_filter ] --START--
INFO: Run Behavior\ContentReplaceBehavior [ RunTime:0.000062s ]
INFO: [ template_filter ] --END-- [ RunTime:0.000091s ]
INFO: Run Behavior\ParseTemplateBehavior [ RunTime:0.006917s ]
INFO: [ view_parse ] --END-- [ RunTime:0.006950s ]
INFO: [ view_filter ] --START--
INFO: Run Behavior\WriteHtmlCacheBehavior [ RunTime:0.000493s ]
INFO: [ view_filter ] --END-- [ RunTime:0.000521s ]
INFO: [ app_end ] --START--
INFO: Run Behavior\ShowPageTraceBehavior [ RunTime:0.000654s ]
INFO: [ app_end ] --END-- [ RunTime:0.000689s ]

[ 2016-05-01T13:06:35+08:00 ] ::1 /505/admin/index.php/Home/Index/user/id/1.html
INFO: [ app_init ] --START--
INFO: Run Behavior\BuildLiteBehavior [ RunTime:0.000010s ]
INFO: [ app_init ] --END-- [ RunTime:0.000485s ]
INFO: [ app_begin ] --START--
INFO: Run Behavior\ReadHtmlCacheBehavior [ RunTime:0.000477s ]
INFO: [ app_begin ] --END-- [ RunTime:0.000513s ]
SQL: SHOW COLUMNS FROM `users` [ RunTime:0.0033s ]
SQL: SELECT * FROM `users` WHERE ( id=1 )  [ RunTime:0.0034s ]
INFO: [ view_parse ] --START--
NOTIC: [2] file_get_contents(./App/Home/View/Public/header.html): failed to open stream: No such file or directory F:\php\httpd-2.4.20-win64-VC14\Apache24\htdocs\505\thinkphp\Library\Think\Template.class.php 第 785 行.
NOTIC: [2] file_get_contents(./App/Home/View/Public/footer.html): failed to open stream: No such file or directory F:\php\httpd-2.4.20-win64-VC14\Apache24\htdocs\505\thinkphp\Library\Think\Template.class.php 第 785 行.
INFO: [ template_filter ] --START--
INFO: Run Behavior\ContentReplaceBehavior [ RunTime:0.000062s ]
INFO: [ template_filter ] --END-- [ RunTime:0.000093s ]
INFO: Run Behavior\ParseTemplateBehavior [ RunTime:0.006661s ]
INFO: [ view_parse ] --END-- [ RunTime:0.006697s ]
INFO: [ view_filter ] --START--
INFO: Run Behavior\WriteHtmlCacheBehavior [ RunTime:0.000481s ]
INFO: [ view_filter ] --END-- [ RunTime:0.000510s ]
INFO: [ app_end ] --START--
INFO: Run Behavior\ShowPageTraceBehavior [ RunTime:0.000631s ]
INFO: [ app_end ] --END-- [ RunTime:0.000666s ]

[ 2016-05-01T13:09:30+08:00 ] ::1 /505/admin/index.php/Home/Index/user/id/2.html
INFO: [ app_init ] --START--
INFO: Run Behavior\BuildLiteBehavior [ RunTime:0.000011s ]
INFO: [ app_init ] --END-- [ RunTime:0.000523s ]
INFO: [ app_begin ] --START--
INFO: Run Behavior\ReadHtmlCacheBehavior [ RunTime:0.000594s ]
INFO: [ app_begin ] --END-- [ RunTime:0.000630s ]
SQL: SHOW COLUMNS FROM `users` [ RunTime:0.0037s ]
SQL: SELECT * FROM `users` WHERE ( id=2 )  [ RunTime:0.0031s ]
INFO: [ view_parse ] --START--
NOTIC: [2] file_get_contents(./App/Home/View/Public/header.html): failed to open stream: No such file or directory F:\php\httpd-2.4.20-win64-VC14\Apache24\htdocs\505\thinkphp\Library\Think\Template.class.php 第 785 行.
NOTIC: [2] file_get_contents(./App/Home/View/Public/footer.html): failed to open stream: No such file or directory F:\php\httpd-2.4.20-win64-VC14\Apache24\htdocs\505\thinkphp\Library\Think\Template.class.php 第 785 行.
INFO: [ template_filter ] --START--
INFO: Run Behavior\ContentReplaceBehavior [ RunTime:0.000064s ]
INFO: [ template_filter ] --END-- [ RunTime:0.000098s ]
INFO: Run Behavior\ParseTemplateBehavior [ RunTime:0.006794s ]
INFO: [ view_parse ] --END-- [ RunTime:0.006834s ]
INFO: [ view_filter ] --START--
INFO: Run Behavior\WriteHtmlCacheBehavior [ RunTime:0.000481s ]
INFO: [ view_filter ] --END-- [ RunTime:0.000511s ]
INFO: [ app_end ] --START--
INFO: Run Behavior\ShowPageTraceBehavior [ RunTime:0.000653s ]
INFO: [ app_end ] --END-- [ RunTime:0.000689s ]

[ 2016-05-01T13:10:02+08:00 ] ::1 /505/admin/index.php/Home/index/users.html
INFO: [ app_init ] --START--
INFO: Run Behavior\BuildLiteBehavior [ RunTime:0.000011s ]
INFO: [ app_init ] --END-- [ RunTime:0.000490s ]
INFO: [ app_begin ] --START--
INFO: Run Behavior\ReadHtmlCacheBehavior [ RunTime:0.000564s ]
INFO: [ app_begin ] --END-- [ RunTime:0.000599s ]
SQL: SHOW COLUMNS FROM `users` [ RunTime:0.0038s ]
SQL: SELECT * FROM `users`  [ RunTime:0.0033s ]
INFO: [ view_parse ] --START--
NOTIC: [2] file_get_contents(./App/Home/View/Public/header.html): failed to open stream: No such file or directory F:\php\httpd-2.4.20-win64-VC14\Apache24\htdocs\505\thinkphp\Library\Think\Template.class.php 第 785 行.
NOTIC: [2] file_get_contents(./App/Home/View/Public/footer.html): failed to open stream: No such file or directory F:\php\httpd-2.4.20-win64-VC14\Apache24\htdocs\505\thinkphp\Library\Think\Template.class.php 第 785 行.
INFO: [ template_filter ] --START--
INFO: Run Behavior\ContentReplaceBehavior [ RunTime:0.000061s ]
INFO: [ template_filter ] --END-- [ RunTime:0.000091s ]
INFO: Run Behavior\ParseTemplateBehavior [ RunTime:0.006856s ]
INFO: [ view_parse ] --END-- [ RunTime:0.006889s ]
INFO: [ view_filter ] --START--
INFO: Run Behavior\WriteHtmlCacheBehavior [ RunTime:0.000497s ]
INFO: [ view_filter ] --END-- [ RunTime:0.000526s ]
INFO: [ app_end ] --START--
INFO: Run Behavior\ShowPageTraceBehavior [ RunTime:0.000651s ]
INFO: [ app_end ] --END-- [ RunTime:0.000688s ]

[ 2016-05-01T13:10:08+08:00 ] ::1 /505/admin/index.php/Home/index/premium-profile.html
INFO: [ app_init ] --START--
INFO: Run Behavior\BuildLiteBehavior [ RunTime:0.000030s ]
INFO: [ app_init ] --END-- [ RunTime:0.000564s ]
INFO: [ app_begin ] --START--
INFO: Run Behavior\ReadHtmlCacheBehavior [ RunTime:0.000461s ]
INFO: [ app_begin ] --END-- [ RunTime:0.000496s ]
ERR: 非法操作:premium-profile

[ 2016-05-01T13:23:39+08:00 ] ::1 /505/Admin/
INFO: [ app_init ] --START--
INFO: Run Behavior\BuildLiteBehavior [ RunTime:0.000009s ]
INFO: [ app_init ] --END-- [ RunTime:0.000429s ]
INFO: [ app_begin ] --START--
INFO: Run Behavior\ReadHtmlCacheBehavior [ RunTime:0.000548s ]
INFO: [ app_begin ] --END-- [ RunTime:0.000591s ]
INFO: [ view_parse ] --START--
NOTIC: [2] file_get_contents(./App/Home/View/Public/header.html): failed to open stream: No such file or directory F:\php\httpd-2.4.20-win64-VC14\Apache24\htdocs\505\thinkphp\Library\Think\Template.class.php 第 785 行.
NOTIC: [2] file_get_contents(./App/Home/View/Public/footer.html): failed to open stream: No such file or directory F:\php\httpd-2.4.20-win64-VC14\Apache24\htdocs\505\thinkphp\Library\Think\Template.class.php 第 785 行.
INFO: [ template_filter ] --START--
INFO: Run Behavior\ContentReplaceBehavior [ RunTime:0.000058s ]
INFO: [ template_filter ] --END-- [ RunTime:0.000090s ]
INFO: Run Behavior\ParseTemplateBehavior [ RunTime:0.005892s ]
INFO: [ view_parse ] --END-- [ RunTime:0.005941s ]
INFO: [ view_filter ] --START--
INFO: Run Behavior\WriteHtmlCacheBehavior [ RunTime:0.000374s ]
INFO: [ view_filter ] --END-- [ RunTime:0.000399s ]
INFO: [ app_end ] --START--
INFO: Run Behavior\ShowPageTraceBehavior [ RunTime:0.000587s ]
INFO: [ app_end ] --END-- [ RunTime:0.000626s ]

[ 2016-05-01T13:23:42+08:00 ] ::1 /505/Admin/index.php/Home/index.html
INFO: [ app_init ] --START--
INFO: Run Behavior\BuildLiteBehavior [ RunTime:0.000011s ]
INFO: [ app_init ] --END-- [ RunTime:0.000493s ]
INFO: [ app_begin ] --START--
INFO: Run Behavior\ReadHtmlCacheBehavior [ RunTime:0.000581s ]
INFO: [ app_begin ] --END-- [ RunTime:0.000619s ]
INFO: [ view_parse ] --START--
NOTIC: [2] file_get_contents(./App/Home/View/Public/header.html): failed to open stream: No such file or directory F:\php\httpd-2.4.20-win64-VC14\Apache24\htdocs\505\thinkphp\Library\Think\Template.class.php 第 785 行.
NOTIC: [2] file_get_contents(./App/Home/View/Public/footer.html): failed to open stream: No such file or directory F:\php\httpd-2.4.20-win64-VC14\Apache24\htdocs\505\thinkphp\Library\Think\Template.class.php 第 785 行.
INFO: [ template_filter ] --START--
INFO: Run Behavior\ContentReplaceBehavior [ RunTime:0.000085s ]
INFO: [ template_filter ] --END-- [ RunTime:0.000154s ]
INFO: Run Behavior\ParseTemplateBehavior [ RunTime:0.007967s ]
INFO: [ view_parse ] --END-- [ RunTime:0.007999s ]
INFO: [ view_filter ] --START--
INFO: Run Behavior\WriteHtmlCacheBehavior [ RunTime:0.000375s ]
INFO: [ view_filter ] --END-- [ RunTime:0.000399s ]
INFO: [ app_end ] --START--
INFO: Run Behavior\ShowPageTraceBehavior [ RunTime:0.000541s ]
INFO: [ app_end ] --END-- [ RunTime:0.000578s ]

[ 2016-05-01T13:23:54+08:00 ] ::1 /505/Admin/index.php/Home/index/order.html
INFO: [ app_init ] --START--
INFO: Run Behavior\BuildLiteBehavior [ RunTime:0.000010s ]
INFO: [ app_init ] --END-- [ RunTime:0.000356s ]
INFO: [ app_begin ] --START--
INFO: Run Behavior\ReadHtmlCacheBehavior [ RunTime:0.000398s ]
INFO: [ app_begin ] --END-- [ RunTime:0.000427s ]
SQL: SHOW COLUMNS FROM `order` [ RunTime:0.0044s ]
SQL: SELECT * FROM `order` ORDER BY `id` desc  [ RunTime:0.0030s ]
SQL: SHOW COLUMNS FROM `users` [ RunTime:0.0032s ]
SQL: SELECT * FROM `users`  [ RunTime:0.0030s ]
SQL: SHOW COLUMNS FROM `goodstype` [ RunTime:0.0033s ]
SQL: SELECT * FROM `goodstype`  [ RunTime:0.0029s ]
SQL: SHOW COLUMNS FROM `goods` [ RunTime:0.0035s ]
SQL: SELECT * FROM `goods`  [ RunTime:0.0030s ]
INFO: [ view_parse ] --START--
NOTIC: [2] file_get_contents(./App/Home/View/Public/header.html): failed to open stream: No such file or directory F:\php\httpd-2.4.20-win64-VC14\Apache24\htdocs\505\thinkphp\Library\Think\Template.class.php 第 785 行.
NOTIC: [2] file_get_contents(./App/Home/View/Public/footer.html): failed to open stream: No such file or directory F:\php\httpd-2.4.20-win64-VC14\Apache24\htdocs\505\thinkphp\Library\Think\Template.class.php 第 785 行.
INFO: [ template_filter ] --START--
INFO: Run Behavior\ContentReplaceBehavior [ RunTime:0.000055s ]
INFO: [ template_filter ] --END-- [ RunTime:0.000094s ]

[ 2016-05-01T13:23:57+08:00 ] ::1 /505/Admin/index.php/Home/index/notice.html
INFO: [ app_init ] --START--
INFO: Run Behavior\BuildLiteBehavior [ RunTime:0.000013s ]
INFO: [ app_init ] --END-- [ RunTime:0.000448s ]
INFO: [ app_begin ] --START--
INFO: Run Behavior\ReadHtmlCacheBehavior [ RunTime:0.000504s ]
INFO: [ app_begin ] --END-- [ RunTime:0.000543s ]
SQL: SHOW COLUMNS FROM `notice` [ RunTime:0.0039s ]
SQL: SELECT * FROM `notice`  [ RunTime:0.0036s ]
INFO: [ view_parse ] --START--
NOTIC: [2] file_get_contents(./App/Home/View/Public/header.html): failed to open stream: No such file or directory F:\php\httpd-2.4.20-win64-VC14\Apache24\htdocs\505\thinkphp\Library\Think\Template.class.php 第 785 行.
NOTIC: [2] file_get_contents(./App/Home/View/Public/footer.html): failed to open stream: No such file or directory F:\php\httpd-2.4.20-win64-VC14\Apache24\htdocs\505\thinkphp\Library\Think\Template.class.php 第 785 行.
INFO: [ template_filter ] --START--
INFO: Run Behavior\ContentReplaceBehavior [ RunTime:0.000043s ]
INFO: [ template_filter ] --END-- [ RunTime:0.000064s ]
INFO: Run Behavior\ParseTemplateBehavior [ RunTime:0.005829s ]
INFO: [ view_parse ] --END-- [ RunTime:0.005856s ]
INFO: [ view_filter ] --START--
INFO: Run Behavior\WriteHtmlCacheBehavior [ RunTime:0.000396s ]
INFO: [ view_filter ] --END-- [ RunTime:0.000418s ]
INFO: [ app_end ] --START--
INFO: Run Behavior\ShowPageTraceBehavior [ RunTime:0.000542s ]
INFO: [ app_end ] --END-- [ RunTime:0.000578s ]

[ 2016-05-01T13:24:00+08:00 ] ::1 /505/Admin/index.php/Home/index.html
INFO: [ app_init ] --START--
INFO: Run Behavior\BuildLiteBehavior [ RunTime:0.000017s ]
INFO: [ app_init ] --END-- [ RunTime:0.000380s ]
INFO: [ app_begin ] --START--
INFO: Run Behavior\ReadHtmlCacheBehavior [ RunTime:0.000413s ]
INFO: [ app_begin ] --END-- [ RunTime:0.000447s ]
INFO: [ view_parse ] --START--
NOTIC: [2] file_get_contents(./App/Home/View/Public/header.html): failed to open stream: No such file or directory F:\php\httpd-2.4.20-win64-VC14\Apache24\htdocs\505\thinkphp\Library\Think\Template.class.php 第 785 行.
NOTIC: [2] file_get_contents(./App/Home/View/Public/footer.html): failed to open stream: No such file or directory F:\php\httpd-2.4.20-win64-VC14\Apache24\htdocs\505\thinkphp\Library\Think\Template.class.php 第 785 行.
INFO: [ template_filter ] --START--
INFO: Run Behavior\ContentReplaceBehavior [ RunTime:0.000072s ]
INFO: [ template_filter ] --END-- [ RunTime:0.000123s ]
INFO: Run Behavior\ParseTemplateBehavior [ RunTime:0.006163s ]
INFO: [ view_parse ] --END-- [ RunTime:0.006241s ]
INFO: [ view_filter ] --START--
INFO: Run Behavior\WriteHtmlCacheBehavior [ RunTime:0.000566s ]
INFO: [ view_filter ] --END-- [ RunTime:0.000596s ]
INFO: [ app_end ] --START--
INFO: Run Behavior\ShowPageTraceBehavior [ RunTime:0.000591s ]
INFO: [ app_end ] --END-- [ RunTime:0.000627s ]

[ 2016-05-01T13:24:02+08:00 ] ::1 /505/Admin/index.php/Home/index/notice.html
INFO: [ app_init ] --START--
INFO: Run Behavior\BuildLiteBehavior [ RunTime:0.000011s ]
INFO: [ app_init ] --END-- [ RunTime:0.000443s ]
INFO: [ app_begin ] --START--
INFO: Run Behavior\ReadHtmlCacheBehavior [ RunTime:0.000516s ]
INFO: [ app_begin ] --END-- [ RunTime:0.000554s ]
SQL: SHOW COLUMNS FROM `notice` [ RunTime:0.0033s ]
SQL: SELECT * FROM `notice`  [ RunTime:0.0029s ]
INFO: [ view_parse ] --START--
NOTIC: [2] file_get_contents(./App/Home/View/Public/header.html): failed to open stream: No such file or directory F:\php\httpd-2.4.20-win64-VC14\Apache24\htdocs\505\thinkphp\Library\Think\Template.class.php 第 785 行.
NOTIC: [2] file_get_contents(./App/Home/View/Public/footer.html): failed to open stream: No such file or directory F:\php\httpd-2.4.20-win64-VC14\Apache24\htdocs\505\thinkphp\Library\Think\Template.class.php 第 785 行.
INFO: [ template_filter ] --START--
INFO: Run Behavior\ContentReplaceBehavior [ RunTime:0.000045s ]
INFO: [ template_filter ] --END-- [ RunTime:0.000068s ]
INFO: Run Behavior\ParseTemplateBehavior [ RunTime:0.005634s ]
INFO: [ view_parse ] --END-- [ RunTime:0.005660s ]
INFO: [ view_filter ] --START--
INFO: Run Behavior\WriteHtmlCacheBehavior [ RunTime:0.000387s ]
INFO: [ view_filter ] --END-- [ RunTime:0.000408s ]
INFO: [ app_end ] --START--
INFO: Run Behavior\ShowPageTraceBehavior [ RunTime:0.000496s ]
INFO: [ app_end ] --END-- [ RunTime:0.000522s ]

[ 2016-05-01T13:24:10+08:00 ] ::1 /505/Admin/index.php/Home/index/goodslist.html
INFO: [ app_init ] --START--
INFO: Run Behavior\BuildLiteBehavior [ RunTime:0.000010s ]
INFO: [ app_init ] --END-- [ RunTime:0.000512s ]
INFO: [ app_begin ] --START--
INFO: Run Behavior\ReadHtmlCacheBehavior [ RunTime:0.000520s ]
INFO: [ app_begin ] --END-- [ RunTime:0.000552s ]
INFO: [ view_parse ] --START--
NOTIC: [2] file_get_contents(./App/Home/View/Public/header.html): failed to open stream: No such file or directory F:\php\httpd-2.4.20-win64-VC14\Apache24\htdocs\505\thinkphp\Library\Think\Template.class.php 第 785 行.
NOTIC: [2] file_get_contents(./App/Home/View/Public/footer.html): failed to open stream: No such file or directory F:\php\httpd-2.4.20-win64-VC14\Apache24\htdocs\505\thinkphp\Library\Think\Template.class.php 第 785 行.
INFO: [ template_filter ] --START--
INFO: Run Behavior\ContentReplaceBehavior [ RunTime:0.000093s ]
INFO: [ template_filter ] --END-- [ RunTime:0.000152s ]
INFO: Run Behavior\ParseTemplateBehavior [ RunTime:0.055820s ]
INFO: [ view_parse ] --END-- [ RunTime:0.055865s ]
INFO: [ view_filter ] --START--
INFO: Run Behavior\WriteHtmlCacheBehavior [ RunTime:0.000444s ]
INFO: [ view_filter ] --END-- [ RunTime:0.000471s ]
INFO: [ app_end ] --START--
INFO: Run Behavior\ShowPageTraceBehavior [ RunTime:0.000581s ]
INFO: [ app_end ] --END-- [ RunTime:0.000617s ]

[ 2016-05-01T13:24:10+08:00 ] ::1 /505/Admin/index.php/Home/index/lib/font-awesome/css/font-awesome.css
INFO: [ app_init ] --START--
INFO: Run Behavior\BuildLiteBehavior [ RunTime:0.000018s ]
INFO: [ app_init ] --END-- [ RunTime:0.000603s ]
INFO: [ app_begin ] --START--
INFO: Run Behavior\ReadHtmlCacheBehavior [ RunTime:0.000540s ]
INFO: [ app_begin ] --END-- [ RunTime:0.000580s ]
ERR: 非法操作:lib

[ 2016-05-01T13:24:10+08:00 ] ::1 /505/Admin/index.php/Home/index/lib/bootstrap/css/bootstrap.css
INFO: [ app_init ] --START--
INFO: Run Behavior\BuildLiteBehavior [ RunTime:0.000008s ]
INFO: [ app_init ] --END-- [ RunTime:0.000416s ]
INFO: [ app_begin ] --START--
INFO: Run Behavior\ReadHtmlCacheBehavior [ RunTime:0.000916s ]
INFO: [ app_begin ] --END-- [ RunTime:0.001006s ]
ERR: 非法操作:lib

[ 2016-05-01T13:24:10+08:00 ] ::1 /505/Admin/index.php/Home/index/lib/bootstrap/js/bootstrap.js
INFO: [ app_init ] --START--
INFO: Run Behavior\BuildLiteBehavior [ RunTime:0.000011s ]
INFO: [ app_init ] --END-- [ RunTime:0.000571s ]
INFO: [ app_begin ] --START--
INFO: Run Behavior\ReadHtmlCacheBehavior [ RunTime:0.000708s ]
INFO: [ app_begin ] --END-- [ RunTime:0.000910s ]
ERR: 非法操作:lib

[ 2016-05-01T13:24:10+08:00 ] ::1 /505/Admin/index.php/Home/index/stylesheets/theme.css
INFO: [ app_init ] --START--
INFO: Run Behavior\BuildLiteBehavior [ RunTime:0.000023s ]
INFO: [ app_init ] --END-- [ RunTime:0.000566s ]
INFO: [ app_begin ] --START--
INFO: Run Behavior\ReadHtmlCacheBehavior [ RunTime:0.000971s ]
INFO: [ app_begin ] --END-- [ RunTime:0.001024s ]
ERR: 非法操作:stylesheets

[ 2016-05-01T13:24:10+08:00 ] ::1 /505/Admin/index.php/Home/index/lib/jquery-1.11.1.min.js
INFO: [ app_init ] --START--
INFO: Run Behavior\BuildLiteBehavior [ RunTime:0.000012s ]
INFO: [ app_init ] --END-- [ RunTime:0.000898s ]
INFO: [ app_begin ] --START--
INFO: Run Behavior\ReadHtmlCacheBehavior [ RunTime:0.000593s ]
INFO: [ app_begin ] --END-- [ RunTime:0.000639s ]
ERR: 非法操作:lib

[ 2016-05-01T13:24:10+08:00 ] ::1 /505/Admin/index.php/Home/index/stylesheets/premium.css
INFO: [ app_init ] --START--
INFO: Run Behavior\BuildLiteBehavior [ RunTime:0.000020s ]
INFO: [ app_init ] --END-- [ RunTime:0.001291s ]
INFO: [ app_begin ] --START--
INFO: Run Behavior\ReadHtmlCacheBehavior [ RunTime:0.000661s ]
INFO: [ app_begin ] --END-- [ RunTime:0.000717s ]
ERR: 非法操作:stylesheets

[ 2016-05-01T13:26:19+08:00 ] ::1 /505/Admin/index.php/Home/index/goodslist.html
INFO: [ app_init ] --START--
INFO: Run Behavior\BuildLiteBehavior [ RunTime:0.000017s ]
INFO: [ app_init ] --END-- [ RunTime:0.000533s ]
INFO: [ app_begin ] --START--
INFO: Run Behavior\ReadHtmlCacheBehavior [ RunTime:0.000714s ]
INFO: [ app_begin ] --END-- [ RunTime:0.000765s ]
INFO: [ view_parse ] --START--
NOTIC: [2] file_get_contents(./App/Home/View/Public/header.html): failed to open stream: No such file or directory F:\php\httpd-2.4.20-win64-VC14\Apache24\htdocs\505\thinkphp\Library\Think\Template.class.php 第 785 行.
NOTIC: [2] file_get_contents(./App/Home/View/Public/footer.html): failed to open stream: No such file or directory F:\php\httpd-2.4.20-win64-VC14\Apache24\htdocs\505\thinkphp\Library\Think\Template.class.php 第 785 行.
INFO: [ template_filter ] --START--
INFO: Run Behavior\ContentReplaceBehavior [ RunTime:0.000069s ]
INFO: [ template_filter ] --END-- [ RunTime:0.000110s ]
INFO: Run Behavior\ParseTemplateBehavior [ RunTime:0.008405s ]
INFO: [ view_parse ] --END-- [ RunTime:0.008443s ]
INFO: [ view_filter ] --START--
INFO: Run Behavior\WriteHtmlCacheBehavior [ RunTime:0.000511s ]
INFO: [ view_filter ] --END-- [ RunTime:0.000535s ]
INFO: [ app_end ] --START--
INFO: Run Behavior\ShowPageTraceBehavior [ RunTime:0.000940s ]
INFO: [ app_end ] --END-- [ RunTime:0.001011s ]

[ 2016-05-01T13:26:19+08:00 ] ::1 /505/Admin/index.php/Home/index/lib/font-awesome/css/font-awesome.css
INFO: [ app_init ] --START--
INFO: Run Behavior\BuildLiteBehavior [ RunTime:0.000015s ]
INFO: [ app_init ] --END-- [ RunTime:0.000739s ]
INFO: [ app_begin ] --START--
INFO: Run Behavior\ReadHtmlCacheBehavior [ RunTime:0.000745s ]
INFO: [ app_begin ] --END-- [ RunTime:0.000798s ]
ERR: 非法操作:lib

[ 2016-05-01T13:26:19+08:00 ] ::1 /505/Admin/index.php/Home/index/lib/bootstrap/css/bootstrap.css
INFO: [ app_init ] --START--
INFO: Run Behavior\BuildLiteBehavior [ RunTime:0.000014s ]
INFO: [ app_init ] --END-- [ RunTime:0.000792s ]
INFO: [ app_begin ] --START--
INFO: Run Behavior\ReadHtmlCacheBehavior [ RunTime:0.000852s ]
INFO: [ app_begin ] --END-- [ RunTime:0.000901s ]
ERR: 非法操作:lib

[ 2016-05-01T13:26:19+08:00 ] ::1 /505/Admin/index.php/Home/index/stylesheets/premium.css
INFO: [ app_init ] --START--
INFO: Run Behavior\BuildLiteBehavior [ RunTime:0.000010s ]
INFO: [ app_init ] --END-- [ RunTime:0.001000s ]
INFO: [ app_begin ] --START--
INFO: Run Behavior\ReadHtmlCacheBehavior [ RunTime:0.001002s ]
INFO: [ app_begin ] --END-- [ RunTime:0.001074s ]
ERR: 非法操作:stylesheets

[ 2016-05-01T13:26:19+08:00 ] ::1 /505/Admin/index.php/Home/index/stylesheets/theme.css
INFO: [ app_init ] --START--
INFO: Run Behavior\BuildLiteBehavior [ RunTime:0.000012s ]
INFO: [ app_init ] --END-- [ RunTime:0.000648s ]
INFO: [ app_begin ] --START--
INFO: Run Behavior\ReadHtmlCacheBehavior [ RunTime:0.001194s ]
INFO: [ app_begin ] --END-- [ RunTime:0.001260s ]
ERR: 非法操作:stylesheets

[ 2016-05-01T13:26:19+08:00 ] ::1 /505/Admin/index.php/Home/index/lib/bootstrap/js/bootstrap.js
INFO: [ app_init ] --START--
INFO: Run Behavior\BuildLiteBehavior [ RunTime:0.000012s ]
INFO: [ app_init ] --END-- [ RunTime:0.000579s ]
INFO: [ app_begin ] --START--
INFO: Run Behavior\ReadHtmlCacheBehavior [ RunTime:0.000756s ]
INFO: [ app_begin ] --END-- [ RunTime:0.000808s ]
ERR: 非法操作:lib

[ 2016-05-01T13:26:19+08:00 ] ::1 /505/Admin/index.php/Home/index/lib/jquery-1.11.1.min.js
INFO: [ app_init ] --START--
INFO: Run Behavior\BuildLiteBehavior [ RunTime:0.000010s ]
INFO: [ app_init ] --END-- [ RunTime:0.000634s ]
INFO: [ app_begin ] --START--
INFO: Run Behavior\ReadHtmlCacheBehavior [ RunTime:0.000719s ]
INFO: [ app_begin ] --END-- [ RunTime:0.000778s ]
ERR: 非法操作:lib

[ 2016-05-01T13:26:51+08:00 ] ::1 /505/Admin/index.php/Home/index/index.html
INFO: [ app_init ] --START--
INFO: Run Behavior\BuildLiteBehavior [ RunTime:0.000013s ]
INFO: [ app_init ] --END-- [ RunTime:0.000524s ]
INFO: [ app_begin ] --START--
INFO: Run Behavior\ReadHtmlCacheBehavior [ RunTime:0.000895s ]
INFO: [ app_begin ] --END-- [ RunTime:0.000936s ]
INFO: [ view_parse ] --START--
NOTIC: [2] file_get_contents(./App/Home/View/Public/header.html): failed to open stream: No such file or directory F:\php\httpd-2.4.20-win64-VC14\Apache24\htdocs\505\thinkphp\Library\Think\Template.class.php 第 785 行.
NOTIC: [2] file_get_contents(./App/Home/View/Public/footer.html): failed to open stream: No such file or directory F:\php\httpd-2.4.20-win64-VC14\Apache24\htdocs\505\thinkphp\Library\Think\Template.class.php 第 785 行.
INFO: [ template_filter ] --START--
INFO: Run Behavior\ContentReplaceBehavior [ RunTime:0.000072s ]
INFO: [ template_filter ] --END-- [ RunTime:0.000116s ]
INFO: Run Behavior\ParseTemplateBehavior [ RunTime:0.008848s ]
INFO: [ view_parse ] --END-- [ RunTime:0.008893s ]
INFO: [ view_filter ] --START--
INFO: Run Behavior\WriteHtmlCacheBehavior [ RunTime:0.000588s ]
INFO: [ view_filter ] --END-- [ RunTime:0.000622s ]
INFO: [ app_end ] --START--
INFO: Run Behavior\ShowPageTraceBehavior [ RunTime:0.000787s ]
INFO: [ app_end ] --END-- [ RunTime:0.000831s ]

[ 2016-05-01T13:27:03+08:00 ] ::1 /505/Admin/index.php/Home/index/stylesheets/theme.css
INFO: [ app_init ] --START--
INFO: Run Behavior\BuildLiteBehavior [ RunTime:0.000011s ]
INFO: [ app_init ] --END-- [ RunTime:0.000508s ]
INFO: [ app_begin ] --START--
INFO: Run Behavior\ReadHtmlCacheBehavior [ RunTime:0.000916s ]
INFO: [ app_begin ] --END-- [ RunTime:0.000977s ]
ERR: 非法操作:stylesheets

[ 2016-05-01T13:27:03+08:00 ] ::1 /505/Admin/index.php/Home/index/lib/bootstrap/css/bootstrap.css
INFO: [ app_init ] --START--
INFO: Run Behavior\BuildLiteBehavior [ RunTime:0.000011s ]
INFO: [ app_init ] --END-- [ RunTime:0.000500s ]
INFO: [ app_begin ] --START--
INFO: Run Behavior\ReadHtmlCacheBehavior [ RunTime:0.001043s ]
INFO: [ app_begin ] --END-- [ RunTime:0.001098s ]
ERR: 非法操作:lib

[ 2016-05-01T13:27:03+08:00 ] ::1 /505/Admin/index.php/Home/index/lib/font-awesome/css/font-awesome.css
INFO: [ app_init ] --START--
INFO: Run Behavior\BuildLiteBehavior [ RunTime:0.000015s ]
INFO: [ app_init ] --END-- [ RunTime:0.000861s ]
INFO: [ app_begin ] --START--
INFO: Run Behavior\ReadHtmlCacheBehavior [ RunTime:0.000985s ]
INFO: [ app_begin ] --END-- [ RunTime:0.001103s ]
ERR: 非法操作:lib

[ 2016-05-01T13:27:03+08:00 ] ::1 /505/Admin/index.php/Home/index/stylesheets/premium.css
INFO: [ app_init ] --START--
INFO: Run Behavior\BuildLiteBehavior [ RunTime:0.000014s ]
INFO: [ app_init ] --END-- [ RunTime:0.000752s ]
INFO: [ app_begin ] --START--
INFO: Run Behavior\ReadHtmlCacheBehavior [ RunTime:0.000778s ]
INFO: [ app_begin ] --END-- [ RunTime:0.000843s ]
ERR: 非法操作:stylesheets

